TN:
SF:app\layout.jsx
FN:24,RootLayout
FNF:1
FNH:0
FNDA:0,RootLayout
DA:5,0
DA:15,0
DA:25,0
LF:3
LH:0
BRF:0
BRH:0
end_of_record
TN:
SF:app\not-found.jsx
FN:3,NotFound
FNF:1
FNH:0
FNDA:0,NotFound
DA:4,0
LF:1
LH:0
BRF:0
BRH:0
end_of_record
TN:
SF:app\page.jsx
FN:11,generateMetadata
FN:19,HomePage
FNF:2
FNH:0
FNDA:0,generateMetadata
FNDA:0,HomePage
DA:5,0
DA:6,0
DA:9,0
DA:12,0
DA:20,0
LF:5
LH:0
BRF:0
BRH:0
end_of_record
TN:
SF:app\robots.js
FN:3,robots
FNF:1
FNH:0
FNDA:0,robots
DA:4,0
LF:1
LH:0
BRF:0
BRH:0
end_of_record
TN:
SF:app\sitemap.js
FN:3,sitemap
FN:4,(anonymous_1)
FNF:2
FNH:0
FNDA:0,sitemap
FNDA:0,(anonymous_1)
DA:4,0
LF:1
LH:0
BRDA:5,0,0,0
BRDA:5,0,1,0
BRDA:7,1,0,0
BRDA:7,1,1,0
BRF:4
BRH:0
end_of_record
TN:
SF:app\[...legacy]\route.js
FN:26,GET
FNF:1
FNH:0
FNDA:0,GET
DA:4,0
DA:6,0
DA:27,0
DA:28,0
DA:29,0
DA:31,0
DA:32,0
DA:42,0
DA:43,0
DA:45,0
DA:46,0
DA:49,0
DA:61,0
LF:13
LH:0
BRDA:28,0,0,0
BRDA:28,0,1,0
BRDA:29,1,0,0
BRDA:29,1,1,0
BRDA:31,2,0,0
BRDA:31,2,1,0
BRDA:45,3,0,0
BRDA:45,3,1,0
BRF:8
BRH:0
end_of_record
TN:
SF:app\api\[...route]\route.js
FN:10,(anonymous_0)
FN:11,(anonymous_1)
FN:12,(anonymous_2)
FN:13,(anonymous_3)
FN:14,(anonymous_4)
FN:15,(anonymous_5)
FN:16,(anonymous_6)
FN:17,(anonymous_7)
FN:18,(anonymous_8)
FN:19,(anonymous_9)
FN:20,(anonymous_10)
FN:21,(anonymous_11)
FN:22,(anonymous_12)
FN:23,(anonymous_13)
FN:24,(anonymous_14)
FN:25,(anonymous_15)
FN:26,(anonymous_16)
FN:27,(anonymous_17)
FN:28,(anonymous_18)
FN:29,(anonymous_19)
FN:30,(anonymous_20)
FN:31,(anonymous_21)
FN:32,(anonymous_22)
FN:33,(anonymous_23)
FN:34,(anonymous_24)
FN:35,(anonymous_25)
FN:36,(anonymous_26)
FN:37,(anonymous_27)
FN:43,(anonymous_28)
FN:49,(anonymous_29)
FN:54,(anonymous_30)
FN:60,(anonymous_31)
FN:64,(anonymous_32)
FN:69,(anonymous_33)
FN:78,(anonymous_34)
FN:97,(anonymous_35)
FN:99,(anonymous_36)
FN:105,(anonymous_37)
FN:124,(anonymous_38)
FNF:39
FNH:0
FNDA:0,(anonymous_0)
FNDA:0,(anonymous_1)
FNDA:0,(anonymous_2)
FNDA:0,(anonymous_3)
FNDA:0,(anonymous_4)
FNDA:0,(anonymous_5)
FNDA:0,(anonymous_6)
FNDA:0,(anonymous_7)
FNDA:0,(anonymous_8)
FNDA:0,(anonymous_9)
FNDA:0,(anonymous_10)
FNDA:0,(anonymous_11)
FNDA:0,(anonymous_12)
FNDA:0,(anonymous_13)
FNDA:0,(anonymous_14)
FNDA:0,(anonymous_15)
FNDA:0,(anonymous_16)
FNDA:0,(anonymous_17)
FNDA:0,(anonymous_18)
FNDA:0,(anonymous_19)
FNDA:0,(anonymous_20)
FNDA:0,(anonymous_21)
FNDA:0,(anonymous_22)
FNDA:0,(anonymous_23)
FNDA:0,(anonymous_24)
FNDA:0,(anonymous_25)
FNDA:0,(anonymous_26)
FNDA:0,(anonymous_27)
FNDA:0,(anonymous_28)
FNDA:0,(anonymous_29)
FNDA:0,(anonymous_30)
FNDA:0,(anonymous_31)
FNDA:0,(anonymous_32)
FNDA:0,(anonymous_33)
FNDA:0,(anonymous_34)
FNDA:0,(anonymous_35)
FNDA:0,(anonymous_36)
FNDA:0,(anonymous_37)
FNDA:0,(anonymous_38)
DA:4,0
DA:5,0
DA:7,0
DA:9,0
DA:10,0
DA:11,0
DA:12,0
DA:13,0
DA:14,0
DA:15,0
DA:16,0
DA:17,0
DA:18,0
DA:19,0
DA:20,0
DA:21,0
DA:22,0
DA:23,0
DA:24,0
DA:25,0
DA:26,0
DA:27,0
DA:28,0
DA:29,0
DA:30,0
DA:31,0
DA:32,0
DA:33,0
DA:34,0
DA:35,0
DA:36,0
DA:37,0
DA:40,0
DA:44,0
DA:45,0
DA:46,0
DA:50,0
DA:51,0
DA:55,0
DA:56,0
DA:57,0
DA:61,0
DA:65,0
DA:66,0
DA:70,0
DA:71,0
DA:78,0
DA:79,0
DA:80,0
DA:83,0
DA:84,0
DA:87,0
DA:88,0
DA:90,0
DA:91,0
DA:93,0
DA:97,0
DA:98,0
DA:99,0
DA:100,0
DA:102,0
DA:105,0
DA:106,0
DA:107,0
DA:108,0
DA:109,0
DA:110,0
DA:120,0
DA:121,0
DA:122,0
DA:123,0
DA:124,0
DA:127,0
DA:128,0
DA:131,0
DA:133,0
DA:134,0
DA:137,0
DA:138,0
DA:139,0
DA:140,0
DA:141,0
DA:142,0
LF:83
LH:0
BRDA:49,0,0,0
BRDA:50,1,0,0
BRDA:50,1,1,0
BRDA:56,2,0,0
BRDA:56,2,1,0
BRDA:61,3,0,0
BRDA:61,3,1,0
BRDA:70,4,0,0
BRDA:70,4,1,0
BRDA:70,5,0,0
BRDA:70,5,1,0
BRDA:79,6,0,0
BRDA:79,6,1,0
BRDA:79,7,0,0
BRDA:79,7,1,0
BRDA:79,7,2,0
BRDA:83,8,0,0
BRDA:83,8,1,0
BRDA:88,9,0,0
BRDA:88,9,1,0
BRDA:107,10,0,0
BRDA:107,10,1,0
BRDA:116,11,0,0
BRDA:116,11,1,0
BRDA:122,12,0,0
BRDA:122,12,1,0
BRDA:122,13,0,0
BRDA:122,13,1,0
BRDA:127,14,0,0
BRDA:127,14,1,0
BRF:30
BRH:0
end_of_record
TN:
SF:app\api\apk-status\route.js
FN:35,GET
FNF:1
FNH:0
FNDA:0,GET
DA:4,0
DA:5,0
DA:7,0
DA:30,0
DA:36,0
DA:37,0
DA:38,0
DA:40,0
DA:41,0
DA:47,0
DA:48,0
DA:50,0
DA:51,0
DA:52,0
DA:53,0
DA:65,0
LF:16
LH:0
BRDA:37,0,0,0
BRDA:37,0,1,0
BRDA:40,1,0,0
BRDA:40,1,1,0
BRDA:60,2,0,0
BRDA:60,2,1,0
BRF:6
BRH:0
end_of_record
TN:
SF:app\api\notifications\web-push-subscriptions\route.js
FN:17,(anonymous_0)
FN:23,(anonymous_1)
FN:28,(anonymous_2)
FN:34,(anonymous_3)
FN:38,(anonymous_4)
FN:43,(anonymous_5)
FN:52,(anonymous_6)
FN:55,(anonymous_7)
FN:57,(anonymous_8)
FN:60,(anonymous_9)
FN:74,GET
FN:90,OPTIONS
FN:96,POST
FN:99,(anonymous_13)
FNF:14
FNH:0
FNDA:0,(anonymous_0)
FNDA:0,(anonymous_1)
FNDA:0,(anonymous_2)
FNDA:0,(anonymous_3)
FNDA:0,(anonymous_4)
FNDA:0,(anonymous_5)
FNDA:0,(anonymous_6)
FNDA:0,(anonymous_7)
FNDA:0,(anonymous_8)
FNDA:0,(anonymous_9)
FNDA:0,GET
FNDA:0,OPTIONS
FNDA:0,POST
FNDA:0,(anonymous_13)
DA:3,0
DA:4,0
DA:6,0
DA:8,0
DA:18,0
DA:19,0
DA:20,0
DA:24,0
DA:25,0
DA:29,0
DA:30,0
DA:31,0
DA:35,0
DA:39,0
DA:40,0
DA:44,0
DA:45,0
DA:52,0
DA:53,0
DA:54,0
DA:55,0
DA:57,0
DA:60,0
DA:61,0
DA:62,0
DA:63,0
DA:65,0
DA:66,0
DA:67,0
DA:70,0
DA:71,0
DA:75,0
DA:76,0
DA:77,0
DA:78,0
DA:80,0
DA:91,0
DA:92,0
DA:93,0
DA:97,0
DA:98,0
DA:99,0
DA:108,0
DA:110,0
DA:111,0
LF:45
LH:0
BRDA:23,0,0,0
BRDA:24,1,0,0
BRDA:24,1,1,0
BRDA:30,2,0,0
BRDA:30,2,1,0
BRDA:35,3,0,0
BRDA:35,3,1,0
BRDA:44,4,0,0
BRDA:44,4,1,0
BRDA:44,5,0,0
BRDA:44,5,1,0
BRDA:53,6,0,0
BRDA:53,6,1,0
BRDA:63,7,0,0
BRDA:63,7,1,0
BRDA:65,8,0,0
BRDA:65,8,1,0
BRDA:65,9,0,0
BRDA:65,9,1,0
BRDA:65,9,2,0
BRDA:82,10,0,0
BRDA:82,10,1,0
BRDA:104,11,0,0
BRDA:104,11,1,0
BRF:24
BRH:0
end_of_record
TN:
SF:app\components\AnimatedSignInLink.jsx
FN:6,AnimatedSignInLink
FN:9,(anonymous_1)
FN:21,(anonymous_2)
FNF:3
FNH:0
FNDA:0,AnimatedSignInLink
FNDA:0,(anonymous_1)
FNDA:0,(anonymous_2)
DA:7,0
DA:9,0
DA:10,0
DA:16,0
DA:19,0
DA:20,0
DA:21,0
DA:22,0
DA:24,0
DA:27,0
DA:30,0
LF:11
LH:0
BRDA:6,0,0,0
BRDA:6,1,0,0
BRDA:10,2,0,0
BRDA:10,2,1,0
BRDA:11,3,0,0
BRDA:11,3,1,0
BRDA:11,3,2,0
BRDA:11,3,3,0
BRDA:20,4,0,0
BRDA:20,4,1,0
BRDA:20,5,0,0
BRDA:20,5,1,0
BRF:12
BRH:0
end_of_record
TN:
SF:app\components\CinematicLandingStage.jsx
FN:69,CinematicLandingStage
FN:72,(anonymous_1)
FN:72,(anonymous_2)
FN:101,(anonymous_3)
FN:106,(anonymous_4)
FN:124,(anonymous_5)
FN:134,(anonymous_6)
FNF:7
FNH:0
FNDA:0,CinematicLandingStage
FNDA:0,(anonymous_1)
FNDA:0,(anonymous_2)
FNDA:0,(anonymous_3)
FNDA:0,(anonymous_4)
FNDA:0,(anonymous_5)
FNDA:0,(anonymous_6)
DA:15,0
DA:70,0
DA:71,0
DA:72,0
DA:75,0
DA:77,0
DA:102,0
DA:106,0
DA:125,0
DA:135,0
LF:10
LH:0
BRDA:72,0,0,0
BRDA:72,0,1,0
BRF:2
BRH:0
end_of_record
TN:
SF:app\components\LandingRoleExplorer.jsx
FN:61,LandingRoleExplorer
FN:64,(anonymous_1)
FN:64,(anonymous_2)
FN:72,(anonymous_3)
FN:79,(anonymous_4)
FN:103,(anonymous_5)
FN:118,(anonymous_6)
FNF:7
FNH:0
FNDA:0,LandingRoleExplorer
FNDA:0,(anonymous_1)
FNDA:0,(anonymous_2)
FNDA:0,(anonymous_3)
FNDA:0,(anonymous_4)
FNDA:0,(anonymous_5)
FNDA:0,(anonymous_6)
DA:13,0
DA:62,0
DA:63,0
DA:64,0
DA:67,0
DA:69,0
DA:73,0
DA:79,0
DA:104,0
DA:119,0
LF:10
LH:0
BRDA:64,0,0,0
BRDA:64,0,1,0
BRF:2
BRH:0
end_of_record
TN:
SF:app\components\PricingPlans.jsx
FN:4,PricingPlans
FN:86,(anonymous_1)
FN:95,(anonymous_2)
FNF:3
FNH:0
FNDA:0,PricingPlans
FNDA:0,(anonymous_1)
FNDA:0,(anonymous_2)
DA:5,0
DA:7,0
DA:8,0
DA:11,0
DA:13,0
DA:79,0
DA:87,0
DA:96,0
LF:8
LH:0
BRDA:7,0,0,0
BRDA:7,0,1,0
BRDA:11,1,0,0
BRDA:11,1,1,0
BRDA:89,2,0,0
BRDA:89,2,1,0
BRDA:89,3,0,0
BRDA:89,3,1,0
BRDA:99,4,0,0
BRDA:99,4,1,0
BRF:10
BRH:0
end_of_record
TN:
SF:app\components\StudyDoodleField.jsx
FN:14,Sketch
FN:105,StudyDoodleField
FN:108,(anonymous_2)
FNF:3
FNH:0
FNDA:0,Sketch
FNDA:0,StudyDoodleField
FNDA:0,(anonymous_2)
DA:3,0
DA:15,0
DA:22,0
DA:23,0
DA:34,0
DA:35,0
DA:44,0
DA:45,0
DA:55,0
DA:56,0
DA:66,0
DA:67,0
DA:76,0
DA:77,0
DA:86,0
DA:87,0
DA:96,0
DA:106,0
DA:109,0
LF:19
LH:0
BRDA:22,0,0,0
BRDA:22,0,1,0
BRDA:34,1,0,0
BRDA:34,1,1,0
BRDA:44,2,0,0
BRDA:44,2,1,0
BRDA:55,3,0,0
BRDA:55,3,1,0
BRDA:66,4,0,0
BRDA:66,4,1,0
BRDA:76,5,0,0
BRDA:76,5,1,0
BRDA:86,6,0,0
BRDA:86,6,1,0
BRDA:105,7,0,0
BRF:15
BRH:0
end_of_record
TN:
SF:app\components\SubscriptionProvider.jsx
FN:6,SubscriptionProvider
FN:11,(anonymous_1)
FN:13,(anonymous_2)
FN:33,(anonymous_3)
FN:38,(anonymous_4)
FN:70,useSubscription
FNF:6
FNH:0
FNDA:0,SubscriptionProvider
FNDA:0,(anonymous_1)
FNDA:0,(anonymous_2)
FNDA:0,(anonymous_3)
FNDA:0,(anonymous_4)
FNDA:0,useSubscription
DA:4,0
DA:7,0
DA:8,0
DA:9,0
DA:11,0
DA:12,0
DA:13,0
DA:14,0
DA:15,0
DA:16,0
DA:17,0
DA:19,0
DA:20,0
DA:21,0
DA:22,0
DA:25,0
DA:26,0
DA:27,0
DA:32,0
DA:33,0
DA:34,0
DA:38,0
DA:39,0
DA:40,0
DA:45,0
DA:46,0
DA:48,0
DA:49,0
DA:50,0
DA:52,0
DA:56,0
DA:63,0
DA:71,0
DA:72,0
DA:73,0
DA:75,0
LF:36
LH:0
BRDA:16,0,0,0
BRDA:16,0,1,0
BRDA:20,1,0,0
BRDA:20,1,1,0
BRDA:25,2,0,0
BRDA:25,2,1,0
BRDA:45,3,0,0
BRDA:45,3,1,0
BRDA:72,4,0,0
BRDA:72,4,1,0
BRF:10
BRH:0
end_of_record
TN:
SF:app\lib\legal.js
FN:163,legalJsonLd
FNF:1
FNH:0
FNDA:0,legalJsonLd
DA:3,0
DA:5,0
DA:80,0
DA:164,0
LF:4
LH:0
BRF:0
BRH:0
end_of_record
TN:
SF:app\lib\site.js
FN:3,(anonymous_0)
FN:6,(anonymous_1)
FN:27,routeMetadata
FN:76,absoluteUrl
FNF:4
FNH:0
FNDA:0,(anonymous_0)
FNDA:0,(anonymous_1)
FNDA:0,routeMetadata
FNDA:0,absoluteUrl
DA:1,0
DA:3,0
DA:6,0
DA:8,0
DA:16,0
DA:28,0
DA:29,0
DA:31,0
DA:77,0
LF:9
LH:0
BRDA:1,0,0,0
BRDA:1,0,1,0
BRDA:10,1,0,0
BRDA:10,1,1,0
BRDA:10,1,2,0
BRDA:27,2,0,0
BRDA:29,3,0,0
BRDA:29,3,1,0
BRF:8
BRH:0
end_of_record
TN:
SF:app\privacy\page.jsx
FN:12,generateMetadata
FN:21,PrivacyPage
FN:51,(anonymous_2)
FN:54,(anonymous_3)
FNF:4
FNH:0
FNDA:0,generateMetadata
FNDA:0,PrivacyPage
FNDA:0,(anonymous_2)
FNDA:0,(anonymous_3)
DA:6,0
DA:7,0
DA:10,0
DA:13,0
DA:22,0
DA:29,0
DA:52,0
DA:55,0
LF:8
LH:0
BRF:0
BRH:0
end_of_record
TN:
SF:app\roles\RoleAppShowcase.jsx
FN:96,(anonymous_0)
FN:110,CompanionSketch
FN:122,RoleAppShowcase
FN:129,(anonymous_3)
FN:137,(anonymous_4)
FN:147,(anonymous_5)
FN:147,(anonymous_6)
FN:151,(anonymous_7)
FN:154,(anonymous_8)
FN:157,(anonymous_9)
FN:162,(anonymous_10)
FN:178,(anonymous_11)
FN:186,(anonymous_12)
FN:191,(anonymous_13)
FN:194,(anonymous_14)
FN:199,(anonymous_15)
FN:210,(anonymous_16)
FN:210,(anonymous_17)
FN:223,(anonymous_18)
FN:230,(anonymous_19)
FN:231,(anonymous_20)
FN:232,(anonymous_21)
FN:233,(anonymous_22)
FN:262,(anonymous_23)
FN:265,(anonymous_24)
FN:270,(anonymous_25)
FN:272,(anonymous_26)
FN:276,(anonymous_27)
FN:304,(anonymous_28)
FN:305,(anonymous_29)
FN:315,(anonymous_30)
FN:335,(anonymous_31)
FNF:32
FNH:0
FNDA:0,(anonymous_0)
FNDA:0,CompanionSketch
FNDA:0,RoleAppShowcase
FNDA:0,(anonymous_3)
FNDA:0,(anonymous_4)
FNDA:0,(anonymous_5)
FNDA:0,(anonymous_6)
FNDA:0,(anonymous_7)
FNDA:0,(anonymous_8)
FNDA:0,(anonymous_9)
FNDA:0,(anonymous_10)
FNDA:0,(anonymous_11)
FNDA:0,(anonymous_12)
FNDA:0,(anonymous_13)
FNDA:0,(anonymous_14)
FNDA:0,(anonymous_15)
FNDA:0,(anonymous_16)
FNDA:0,(anonymous_17)
FNDA:0,(anonymous_18)
FNDA:0,(anonymous_19)
FNDA:0,(anonymous_20)
FNDA:0,(anonymous_21)
FNDA:0,(anonymous_22)
FNDA:0,(anonymous_23)
FNDA:0,(anonymous_24)
FNDA:0,(anonymous_25)
FNDA:0,(anonymous_26)
FNDA:0,(anonymous_27)
FNDA:0,(anonymous_28)
FNDA:0,(anonymous_29)
FNDA:0,(anonymous_30)
FNDA:0,(anonymous_31)
DA:19,0
DA:94,0
DA:96,0
DA:97,0
DA:104,0
DA:111,0
DA:123,0
DA:124,0
DA:125,0
DA:126,0
DA:127,0
DA:128,0
DA:129,0
DA:137,0
DA:138,0
DA:139,0
DA:140,0
DA:141,0
DA:142,0
DA:143,0
DA:144,0
DA:147,0
DA:148,0
DA:149,0
DA:150,0
DA:151,0
DA:154,0
DA:155,0
DA:156,0
DA:157,0
DA:158,0
DA:162,0
DA:163,0
DA:164,0
DA:165,0
DA:166,0
DA:167,0
DA:168,0
DA:169,0
DA:170,0
DA:171,0
DA:172,0
DA:173,0
DA:174,0
DA:178,0
DA:179,0
DA:180,0
DA:181,0
DA:182,0
DA:183,0
DA:186,0
DA:187,0
DA:188,0
DA:189,0
DA:190,0
DA:191,0
DA:194,0
DA:195,0
DA:196,0
DA:197,0
DA:198,0
DA:199,0
DA:202,0
DA:210,0
DA:224,0
DA:230,0
DA:231,0
DA:232,0
DA:233,0
DA:263,0
DA:266,0
DA:267,0
DA:270,0
DA:273,0
DA:277,0
DA:278,0
DA:279,0
DA:280,0
DA:281,0
DA:304,0
DA:305,0
DA:316,0
DA:336,0
DA:337,0
LF:84
LH:0
BRDA:138,0,0,0
BRDA:138,0,1,0
BRDA:148,1,0,0
BRDA:148,1,1,0
BRDA:163,2,0,0
BRDA:163,2,1,0
BRDA:166,3,0,0
BRDA:166,3,1,0
BRDA:169,4,0,0
BRDA:169,4,1,0
BRDA:172,5,0,0
BRDA:172,5,1,0
BRDA:179,6,0,0
BRDA:179,6,1,0
BRDA:179,7,0,0
BRDA:179,7,1,0
BRDA:183,8,0,0
BRDA:183,8,1,0
BRDA:187,9,0,0
BRDA:187,9,1,0
BRDA:190,10,0,0
BRDA:190,10,1,0
BRDA:191,11,0,0
BRDA:191,11,1,0
BRDA:195,12,0,0
BRDA:195,12,1,0
BRDA:198,13,0,0
BRDA:198,13,1,0
BRDA:199,14,0,0
BRDA:199,14,1,0
BRDA:208,15,0,0
BRDA:208,15,1,0
BRDA:209,16,0,0
BRDA:209,16,1,0
BRDA:266,17,0,0
BRDA:266,17,1,0
BRDA:266,18,0,0
BRDA:266,18,1,0
BRDA:287,19,0,0
BRDA:287,19,1,0
BRDA:288,20,0,0
BRDA:288,20,1,0
BRDA:289,21,0,0
BRDA:289,21,1,0
BRDA:303,22,0,0
BRDA:303,22,1,0
BRDA:336,23,0,0
BRDA:336,23,1,0
BRDA:349,24,0,0
BRDA:349,24,1,0
BRF:50
BRH:0
end_of_record
TN:
SF:app\roles\RoleInstallButton.jsx
FN:6,(anonymous_0)
FN:11,RoleInstallButton
FN:20,(anonymous_2)
FN:30,(anonymous_3)
FN:35,(anonymous_4)
FN:41,(anonymous_5)
FN:41,(anonymous_6)
FN:42,(anonymous_7)
FN:52,(anonymous_8)
FN:62,(anonymous_9)
FN:67,(anonymous_10)
FNF:11
FNH:0
FNDA:0,(anonymous_0)
FNDA:0,RoleInstallButton
FNDA:0,(anonymous_2)
FNDA:0,(anonymous_3)
FNDA:0,(anonymous_4)
FNDA:0,(anonymous_5)
FNDA:0,(anonymous_6)
FNDA:0,(anonymous_7)
FNDA:0,(anonymous_8)
FNDA:0,(anonymous_9)
FNDA:0,(anonymous_10)
DA:6,0
DA:7,0
DA:8,0
DA:12,0
DA:18,0
DA:20,0
DA:21,0
DA:23,0
DA:24,0
DA:30,0
DA:31,0
DA:35,0
DA:37,0
DA:41,0
DA:43,0
DA:44,0
DA:45,0
DA:53,0
DA:54,0
DA:62,0
DA:63,0
DA:67,0
DA:68,0
DA:70,0
DA:71,0
DA:72,0
DA:73,0
DA:76,0
DA:79,0
DA:81,0
LF:30
LH:0
BRDA:7,0,0,0
BRDA:7,0,1,0
BRDA:8,1,0,0
BRDA:8,1,1,0
BRDA:11,2,0,0
BRDA:23,3,0,0
BRDA:23,3,1,0
BRDA:23,4,0,0
BRDA:23,4,1,0
BRDA:23,4,2,0
BRDA:43,5,0,0
BRDA:43,5,1,0
BRDA:44,6,0,0
BRDA:44,6,1,0
BRDA:44,6,2,0
BRDA:47,7,0,0
BRDA:47,7,1,0
BRDA:48,8,0,0
BRDA:48,8,1,0
BRDA:53,9,0,0
BRDA:53,9,1,0
BRDA:70,10,0,0
BRDA:70,10,1,0
BRDA:70,11,0,0
BRDA:70,11,1,0
BRDA:79,12,0,0
BRDA:79,12,1,0
BRDA:85,13,0,0
BRDA:85,13,1,0
BRDA:86,14,0,0
BRDA:86,14,1,0
BRDA:87,15,0,0
BRDA:87,15,1,0
BRDA:91,16,0,0
BRDA:91,16,1,0
BRDA:94,17,0,0
BRDA:94,17,1,0
BRDA:96,18,0,0
BRDA:96,18,1,0
BRF:39
BRH:0
end_of_record
TN:
SF:app\roles\page.jsx
FN:11,generateMetadata
FN:19,ShiiEduWordmark
FN:30,RoleChoicePage
FNF:3
FNH:0
FNDA:0,generateMetadata
FNDA:0,ShiiEduWordmark
FNDA:0,RoleChoicePage
DA:6,0
DA:7,0
DA:9,0
DA:12,0
DA:20,0
DA:31,0
LF:6
LH:0
BRF:0
BRH:0
end_of_record
TN:
SF:app\terms\page.jsx
FN:12,generateMetadata
FN:21,TermsPage
FN:51,(anonymous_2)
FN:54,(anonymous_3)
FNF:4
FNH:0
FNDA:0,generateMetadata
FNDA:0,TermsPage
FNDA:0,(anonymous_2)
FNDA:0,(anonymous_3)
DA:6,0
DA:7,0
DA:10,0
DA:13,0
DA:22,0
DA:29,0
DA:52,0
DA:55,0
LF:8
LH:0
BRF:0
BRH:0
end_of_record
TN:
SF:server\api\_lib\academicModels.js
FN:3,(anonymous_0)
FN:22,(anonymous_1)
FN:37,(anonymous_2)
FNF:3
FNH:0
FNDA:0,(anonymous_0)
FNDA:0,(anonymous_1)
FNDA:0,(anonymous_2)
DA:1,0
DA:3,0
DA:22,0
DA:37,0
DA:38,0
DA:43,0
LF:6
LH:0
BRDA:38,0,0,0
BRDA:38,0,1,0
BRF:2
BRH:0
end_of_record
TN:
SF:server\api\_lib\backgroundTasks.js
FN:13,(anonymous_0)
FN:14,(anonymous_1)
FN:15,(anonymous_2)
FN:18,(anonymous_3)
FN:21,(anonymous_4)
FN:26,(anonymous_5)
FN:35,(anonymous_6)
FN:39,(anonymous_7)
FN:47,(anonymous_8)
FN:53,(anonymous_9)
FN:69,(anonymous_10)
FN:75,(anonymous_11)
FN:79,(anonymous_12)
FN:82,(anonymous_13)
FN:87,(anonymous_14)
FN:90,(anonymous_15)
FN:97,(anonymous_16)
FN:121,(anonymous_17)
FN:140,(anonymous_18)
FN:167,(anonymous_19)
FN:171,(anonymous_20)
FN:199,(anonymous_21)
FN:211,(anonymous_22)
FN:252,(anonymous_23)
FN:271,(anonymous_24)
FN:280,(anonymous_25)
FN:281,(anonymous_26)
FN:299,(anonymous_27)
FN:300,(anonymous_28)
FN:311,(anonymous_29)
FN:312,(anonymous_30)
FNF:31
FNH:0
FNDA:0,(anonymous_0)
FNDA:0,(anonymous_1)
FNDA:0,(anonymous_2)
FNDA:0,(anonymous_3)
FNDA:0,(anonymous_4)
FNDA:0,(anonymous_5)
FNDA:0,(anonymous_6)
FNDA:0,(anonymous_7)
FNDA:0,(anonymous_8)
FNDA:0,(anonymous_9)
FNDA:0,(anonymous_10)
FNDA:0,(anonymous_11)
FNDA:0,(anonymous_12)
FNDA:0,(anonymous_13)
FNDA:0,(anonymous_14)
FNDA:0,(anonymous_15)
FNDA:0,(anonymous_16)
FNDA:0,(anonymous_17)
FNDA:0,(anonymous_18)
FNDA:0,(anonymous_19)
FNDA:0,(anonymous_20)
FNDA:0,(anonymous_21)
FNDA:0,(anonymous_22)
FNDA:0,(anonymous_23)
FNDA:0,(anonymous_24)
FNDA:0,(anonymous_25)
FNDA:0,(anonymous_26)
FNDA:0,(anonymous_27)
FNDA:0,(anonymous_28)
FNDA:0,(anonymous_29)
FNDA:0,(anonymous_30)
DA:1,0
DA:2,0
DA:3,0
DA:5,0
DA:6,0
DA:7,0
DA:8,0
DA:9,0
DA:10,0
DA:12,0
DA:13,0
DA:14,0
DA:15,0
DA:18,0
DA:19,0
DA:20,0
DA:21,0
DA:23,0
DA:26,0
DA:27,0
DA:32,0
DA:35,0
DA:36,0
DA:37,0
DA:39,0
DA:40,0
DA:41,0
DA:43,0
DA:47,0
DA:48,0
DA:49,0
DA:50,0
DA:53,0
DA:54,0
DA:55,0
DA:56,0
DA:57,0
DA:69,0
DA:70,0
DA:71,0
DA:72,0
DA:74,0
DA:76,0
DA:77,0
DA:80,0
DA:83,0
DA:84,0
DA:85,0
DA:88,0
DA:91,0
DA:92,0
DA:97,0
DA:98,0
DA:99,0
DA:101,0
DA:109,0
DA:110,0
DA:111,0
DA:113,0
DA:114,0
DA:115,0
DA:118,0
DA:121,0
DA:129,0
DA:130,0
DA:133,0
DA:134,0
DA:135,0
DA:136,0
DA:137,0
DA:138,0
DA:140,0
DA:141,0
DA:142,0
DA:143,0
DA:144,0
DA:147,0
DA:148,0
DA:164,0
DA:167,0
DA:168,0
DA:169,0
DA:171,0
DA:172,0
DA:173,0
DA:175,0
DA:176,0
DA:177,0
DA:178,0
DA:180,0
DA:181,0
DA:189,0
DA:199,0
DA:200,0
DA:211,0
DA:212,0
DA:213,0
DA:217,0
DA:219,0
DA:220,0
DA:221,0
DA:222,0
DA:230,0
DA:238,0
DA:239,0
DA:242,0
DA:243,0
DA:252,0
DA:253,0
DA:254,0
DA:255,0
DA:257,0
DA:258,0
DA:259,0
DA:260,0
DA:262,0
DA:263,0
DA:264,0
DA:266,0
DA:267,0
DA:271,0
DA:272,0
DA:273,0
DA:278,0
DA:279,0
DA:280,0
DA:281,0
DA:282,0
DA:284,0
DA:285,0
DA:286,0
DA:288,0
DA:296,0
DA:299,0
DA:300,0
DA:301,0
DA:304,0
DA:305,0
DA:307,0
DA:311,0
DA:312,0
DA:314,0
LF:142
LH:0
BRDA:19,0,0,0
BRDA:19,0,1,0
BRDA:20,1,0,0
BRDA:20,1,1,0
BRDA:20,2,0,0
BRDA:20,2,1,0
BRDA:36,3,0,0
BRDA:36,3,1,0
BRDA:37,4,0,0
BRDA:37,4,1,0
BRDA:37,5,0,0
BRDA:37,5,1,0
BRDA:40,6,0,0
BRDA:40,6,1,0
BRDA:47,7,0,0
BRDA:55,8,0,0
BRDA:55,8,1,0
BRDA:59,9,0,0
BRDA:59,9,1,0
BRDA:63,10,0,0
BRDA:63,10,1,0
BRDA:64,11,0,0
BRDA:64,11,1,0
BRDA:99,12,0,0
BRDA:99,12,1,0
BRDA:113,13,0,0
BRDA:113,13,1,0
BRDA:114,14,0,0
BRDA:114,14,1,0
BRDA:114,15,0,0
BRDA:114,15,1,0
BRDA:115,16,0,0
BRDA:115,16,1,0
BRDA:118,17,0,0
BRDA:118,17,1,0
BRDA:125,18,0,0
BRDA:129,19,0,0
BRDA:129,19,1,0
BRDA:129,20,0,0
BRDA:129,20,1,0
BRDA:129,20,2,0
BRDA:129,20,3,0
BRDA:142,21,0,0
BRDA:142,21,1,0
BRDA:143,22,0,0
BRDA:143,22,1,0
BRDA:155,23,0,0
BRDA:155,23,1,0
BRDA:173,24,0,0
BRDA:173,24,1,0
BRDA:176,25,0,0
BRDA:176,25,1,0
BRDA:176,26,0,0
BRDA:176,26,1,0
BRDA:177,27,0,0
BRDA:177,27,1,0
BRDA:177,28,0,0
BRDA:177,28,1,0
BRDA:178,29,0,0
BRDA:178,29,1,0
BRDA:180,30,0,0
BRDA:180,30,1,0
BRDA:212,31,0,0
BRDA:212,31,1,0
BRDA:214,32,0,0
BRDA:214,32,1,0
BRDA:215,33,0,0
BRDA:215,33,1,0
BRDA:219,34,0,0
BRDA:219,34,1,0
BRDA:255,35,0,0
BRDA:255,35,1,0
BRDA:259,36,0,0
BRDA:259,36,1,0
BRDA:259,37,0,0
BRDA:259,37,1,0
BRDA:271,38,0,0
BRDA:276,39,0,0
BRDA:276,39,1,0
BRDA:290,40,0,0
BRDA:290,40,1,0
BRDA:312,41,0,0
BRDA:312,41,1,0
BRF:83
BRH:0
end_of_record
TN:
SF:server\api\_lib\expoPush.js
FN:1,(anonymous_0)
FN:9,(anonymous_1)
FN:27,(anonymous_2)
FN:28,(anonymous_3)
FN:29,(anonymous_4)
FN:48,(anonymous_5)
FNF:6
FNH:0
FNDA:0,(anonymous_0)
FNDA:0,(anonymous_1)
FNDA:0,(anonymous_2)
FNDA:0,(anonymous_3)
FNDA:0,(anonymous_4)
FNDA:0,(anonymous_5)
DA:1,0
DA:2,0
DA:3,0
DA:4,0
DA:6,0
DA:9,0
DA:17,0
DA:18,0
DA:21,0
DA:25,0
DA:26,0
DA:27,0
DA:28,0
DA:29,0
DA:37,0
DA:38,0
DA:47,0
DA:48,0
DA:52,0
DA:55,0
LF:20
LH:0
BRDA:15,0,0,0
BRDA:17,1,0,0
BRDA:17,1,1,0
BRDA:17,2,0,0
BRDA:17,2,1,0
BRDA:17,2,2,0
BRDA:27,3,0,0
BRDA:27,3,1,0
BRDA:28,4,0,0
BRDA:28,4,1,0
BRDA:28,4,2,0
BRDA:47,5,0,0
BRDA:47,5,1,0
BRF:13
BRH:0
end_of_record
TN:
SF:server\api\_lib\featureEntitlements.js
FN:8,(anonymous_0)
FN:10,(anonymous_1)
FN:14,(anonymous_2)
FN:20,(anonymous_3)
FN:25,(anonymous_4)
FN:27,(anonymous_5)
FN:33,(anonymous_6)
FN:40,(anonymous_7)
FN:46,(anonymous_8)
FN:53,(anonymous_9)
FN:66,(anonymous_10)
FN:71,(anonymous_11)
FN:136,(anonymous_12)
FN:147,(anonymous_13)
FN:160,(anonymous_14)
FNF:15
FNH:0
FNDA:0,(anonymous_0)
FNDA:0,(anonymous_1)
FNDA:0,(anonymous_2)
FNDA:0,(anonymous_3)
FNDA:0,(anonymous_4)
FNDA:0,(anonymous_5)
FNDA:0,(anonymous_6)
FNDA:0,(anonymous_7)
FNDA:0,(anonymous_8)
FNDA:0,(anonymous_9)
FNDA:0,(anonymous_10)
FNDA:0,(anonymous_11)
FNDA:0,(anonymous_12)
FNDA:0,(anonymous_13)
FNDA:0,(anonymous_14)
DA:1,0
DA:3,0
DA:4,0
DA:5,0
DA:6,0
DA:7,0
DA:8,0
DA:10,0
DA:11,0
DA:14,0
DA:15,0
DA:16,0
DA:17,0
DA:20,0
DA:21,0
DA:22,0
DA:25,0
DA:26,0
DA:27,0
DA:28,0
DA:29,0
DA:30,0
DA:32,0
DA:34,0
DA:35,0
DA:36,0
DA:40,0
DA:41,0
DA:42,0
DA:43,0
DA:46,0
DA:47,0
DA:48,0
DA:49,0
DA:50,0
DA:51,0
DA:53,0
DA:54,0
DA:55,0
DA:58,0
DA:66,0
DA:67,0
DA:68,0
DA:71,0
DA:72,0
DA:73,0
DA:74,0
DA:75,0
DA:76,0
DA:77,0
DA:78,0
DA:80,0
DA:81,0
DA:82,0
DA:83,0
DA:85,0
DA:86,0
DA:88,0
DA:89,0
DA:91,0
DA:92,0
DA:94,0
DA:95,0
DA:97,0
DA:98,0
DA:100,0
DA:101,0
DA:103,0
DA:104,0
DA:106,0
DA:107,0
DA:109,0
DA:110,0
DA:112,0
DA:113,0
DA:115,0
DA:116,0
DA:118,0
DA:119,0
DA:121,0
DA:122,0
DA:124,0
DA:125,0
DA:127,0
DA:128,0
DA:130,0
DA:131,0
DA:133,0
DA:136,0
DA:137,0
DA:138,0
DA:147,0
DA:148,0
DA:149,0
DA:150,0
DA:151,0
DA:152,0
DA:153,0
DA:154,0
DA:157,0
DA:159,0
DA:160,0
DA:161,0
DA:162,0
DA:163,0
DA:164,0
DA:167,0
LF:107
LH:0
BRDA:3,0,0,0
BRDA:3,0,1,0
BRDA:4,1,0,0
BRDA:4,1,1,0
BRDA:5,2,0,0
BRDA:5,2,1,0
BRDA:6,3,0,0
BRDA:6,3,1,0
BRDA:7,4,0,0
BRDA:7,4,1,0
BRDA:11,5,0,0
BRDA:11,5,1,0
BRDA:11,6,0,0
BRDA:11,6,1,0
BRDA:11,6,2,0
BRDA:15,7,0,0
BRDA:15,7,1,0
BRDA:16,8,0,0
BRDA:16,8,1,0
BRDA:17,9,0,0
BRDA:17,9,1,0
BRDA:21,10,0,0
BRDA:21,10,1,0
BRDA:22,11,0,0
BRDA:22,11,1,0
BRDA:29,12,0,0
BRDA:29,12,1,0
BRDA:29,13,0,0
BRDA:29,13,1,0
BRDA:35,14,0,0
BRDA:35,14,1,0
BRDA:35,15,0,0
BRDA:35,15,1,0
BRDA:35,15,2,0
BRDA:40,16,0,0
BRDA:43,17,0,0
BRDA:43,17,1,0
BRDA:43,17,2,0
BRDA:46,18,0,0
BRDA:55,19,0,0
BRDA:55,19,1,0
BRDA:62,20,0,0
BRDA:62,20,1,0
BRDA:67,21,0,0
BRDA:67,21,1,0
BRDA:71,22,0,0
BRDA:71,23,0,0
BRDA:80,24,0,0
BRDA:80,24,1,0
BRDA:81,25,0,0
BRDA:81,25,1,0
BRDA:82,26,0,0
BRDA:82,26,1,0
BRDA:82,27,0,0
BRDA:82,27,1,0
BRDA:83,28,0,0
BRDA:83,28,1,0
BRDA:85,29,0,0
BRDA:85,29,1,0
BRDA:85,30,0,0
BRDA:85,30,1,0
BRDA:86,31,0,0
BRDA:86,31,1,0
BRDA:88,32,0,0
BRDA:88,32,1,0
BRDA:88,33,0,0
BRDA:88,33,1,0
BRDA:89,34,0,0
BRDA:89,34,1,0
BRDA:91,35,0,0
BRDA:91,35,1,0
BRDA:91,36,0,0
BRDA:91,36,1,0
BRDA:92,37,0,0
BRDA:92,37,1,0
BRDA:94,38,0,0
BRDA:94,38,1,0
BRDA:94,39,0,0
BRDA:94,39,1,0
BRDA:95,40,0,0
BRDA:95,40,1,0
BRDA:97,41,0,0
BRDA:97,41,1,0
BRDA:97,42,0,0
BRDA:97,42,1,0
BRDA:98,43,0,0
BRDA:98,43,1,0
BRDA:100,44,0,0
BRDA:100,44,1,0
BRDA:100,45,0,0
BRDA:100,45,1,0
BRDA:103,46,0,0
BRDA:103,46,1,0
BRDA:103,47,0,0
BRDA:103,47,1,0
BRDA:106,48,0,0
BRDA:106,48,1,0
BRDA:106,49,0,0
BRDA:106,49,1,0
BRDA:109,50,0,0
BRDA:109,50,1,0
BRDA:109,51,0,0
BRDA:109,51,1,0
BRDA:112,52,0,0
BRDA:112,52,1,0
BRDA:112,53,0,0
BRDA:112,53,1,0
BRDA:115,54,0,0
BRDA:115,54,1,0
BRDA:115,55,0,0
BRDA:115,55,1,0
BRDA:118,56,0,0
BRDA:118,56,1,0
BRDA:118,57,0,0
BRDA:118,57,1,0
BRDA:121,58,0,0
BRDA:121,58,1,0
BRDA:121,59,0,0
BRDA:121,59,1,0
BRDA:124,60,0,0
BRDA:124,60,1,0
BRDA:124,61,0,0
BRDA:124,61,1,0
BRDA:127,62,0,0
BRDA:127,62,1,0
BRDA:127,63,0,0
BRDA:127,63,1,0
BRDA:130,64,0,0
BRDA:130,64,1,0
BRDA:130,65,0,0
BRDA:130,65,1,0
BRDA:136,66,0,0
BRDA:136,67,0,0
BRDA:136,68,0,0
BRDA:148,69,0,0
BRDA:148,69,1,0
BRDA:148,70,0,0
BRDA:148,70,1,0
BRDA:151,71,0,0
BRDA:151,71,1,0
BRDA:157,72,0,0
BRDA:157,72,1,0
BRDA:161,73,0,0
BRDA:161,73,1,0
BRF:144
BRH:0
end_of_record
TN:
SF:server\api\_lib\firebaseAdmin.js
FN:18,(anonymous_0)
FN:21,(anonymous_1)
FN:23,(anonymous_2)
FN:26,(anonymous_3)
FN:40,(anonymous_4)
FN:43,(anonymous_5)
FN:63,(anonymous_6)
FN:69,(anonymous_7)
FN:75,(anonymous_8)
FN:86,(anonymous_9)
FN:89,(anonymous_10)
FN:99,(anonymous_11)
FN:109,(anonymous_12)
FN:149,(anonymous_13)
FN:164,(anonymous_14)
FN:172,(anonymous_15)
FN:188,(anonymous_16)
FN:195,(anonymous_17)
FN:252,(anonymous_18)
FN:254,(anonymous_19)
FN:269,(anonymous_20)
FN:277,(anonymous_21)
FN:282,(anonymous_22)
FN:290,(anonymous_23)
FN:305,(anonymous_24)
FN:324,(anonymous_25)
FNF:26
FNH:3
FNDA:0,(anonymous_0)
FNDA:0,(anonymous_1)
FNDA:0,(anonymous_2)
FNDA:0,(anonymous_3)
FNDA:0,(anonymous_4)
FNDA:0,(anonymous_5)
FNDA:2,(anonymous_6)
FNDA:2,(anonymous_7)
FNDA:2,(anonymous_8)
FNDA:0,(anonymous_9)
FNDA:0,(anonymous_10)
FNDA:0,(anonymous_11)
FNDA:0,(anonymous_12)
FNDA:0,(anonymous_13)
FNDA:0,(anonymous_14)
FNDA:0,(anonymous_15)
FNDA:0,(anonymous_16)
FNDA:0,(anonymous_17)
FNDA:0,(anonymous_18)
FNDA:0,(anonymous_19)
FNDA:0,(anonymous_20)
FNDA:0,(anonymous_21)
FNDA:0,(anonymous_22)
FNDA:0,(anonymous_23)
FNDA:0,(anonymous_24)
FNDA:0,(anonymous_25)
DA:1,1
DA:2,1
DA:4,1
DA:18,1
DA:19,0
DA:20,0
DA:21,0
DA:23,0
DA:26,1
DA:27,0
DA:28,0
DA:29,0
DA:31,0
DA:32,0
DA:33,0
DA:36,0
DA:37,0
DA:40,1
DA:44,0
DA:45,0
DA:46,0
DA:47,0
DA:51,1
DA:55,1
DA:60,1
DA:61,1
DA:63,1
DA:64,2
DA:65,2
DA:66,2
DA:69,1
DA:70,2
DA:71,1
DA:75,1
DA:76,2
DA:77,2
DA:78,0
DA:81,2
DA:82,1
DA:86,1
DA:87,0
DA:88,0
DA:89,0
DA:91,0
DA:99,1
DA:100,0
DA:101,0
DA:102,0
DA:103,0
DA:106,0
DA:109,1
DA:110,0
DA:112,0
DA:113,0
DA:115,0
DA:121,0
DA:122,0
DA:128,0
DA:129,0
DA:131,0
DA:134,0
DA:139,0
DA:146,0
DA:149,1
DA:150,0
DA:152,0
DA:153,0
DA:154,0
DA:157,0
DA:164,1
DA:165,0
DA:166,0
DA:172,1
DA:173,0
DA:174,0
DA:175,0
DA:177,0
DA:178,0
DA:179,0
DA:180,0
DA:182,0
DA:183,0
DA:184,0
DA:188,1
DA:189,0
DA:190,0
DA:191,0
DA:192,0
DA:195,1
DA:196,0
DA:197,0
DA:198,0
DA:199,0
DA:200,0
DA:201,0
DA:203,0
DA:206,0
DA:207,0
DA:209,0
DA:210,0
DA:211,0
DA:212,0
DA:215,0
DA:217,0
DA:218,0
DA:219,0
DA:220,0
DA:221,0
DA:223,0
DA:224,0
DA:225,0
DA:228,0
DA:230,0
DA:231,0
DA:232,0
DA:233,0
DA:236,0
DA:237,0
DA:238,0
DA:239,0
DA:240,0
DA:241,0
DA:244,0
DA:252,1
DA:254,1
DA:255,0
DA:256,0
DA:262,0
DA:263,0
DA:264,0
DA:265,0
DA:269,1
DA:270,0
DA:271,0
DA:272,0
DA:274,0
DA:277,1
DA:278,0
DA:280,0
DA:281,0
DA:282,0
DA:283,0
DA:284,0
DA:287,0
DA:290,1
DA:291,0
DA:293,0
DA:294,0
DA:300,0
DA:301,0
DA:305,1
DA:306,0
DA:307,0
DA:309,0
DA:310,0
DA:313,0
DA:319,0
DA:320,0
DA:321,0
DA:324,1
DA:325,0
DA:326,0
DA:328,0
DA:330,0
DA:337,0
DA:338,0
DA:345,0
DA:346,0
DA:348,0
DA:349,0
DA:350,0
DA:351,0
DA:353,0
DA:354,0
DA:355,0
DA:356,0
DA:358,0
DA:359,0
DA:360,0
DA:361,0
DA:364,0
DA:367,1
LF:182
LH:38
BRDA:19,0,0,0
BRDA:19,0,1,0
BRDA:29,1,0,0
BRDA:29,1,1,0
BRDA:31,2,0,0
BRDA:31,2,1,0
BRDA:31,3,0,0
BRDA:31,3,1,0
BRDA:31,3,2,0
BRDA:43,4,0,0
BRDA:70,5,0,1
BRDA:70,5,1,1
BRDA:70,6,0,2
BRDA:70,6,1,0
BRDA:75,7,0,2
BRDA:76,8,0,2
BRDA:76,8,1,0
BRDA:76,8,2,0
BRDA:77,9,0,0
BRDA:77,9,1,2
BRDA:77,10,0,2
BRDA:77,10,1,2
BRDA:81,11,0,1
BRDA:81,11,1,1
BRDA:92,12,0,0
BRDA:92,12,1,0
BRDA:101,13,0,0
BRDA:101,13,1,0
BRDA:110,14,0,0
BRDA:110,14,1,0
BRDA:121,15,0,0
BRDA:121,15,1,0
BRDA:121,16,0,0
BRDA:121,16,1,0
BRDA:121,16,2,0
BRDA:128,17,0,0
BRDA:128,17,1,0
BRDA:134,18,0,0
BRDA:134,18,1,0
BRDA:135,19,0,0
BRDA:135,19,1,0
BRDA:135,19,2,0
BRDA:150,20,0,0
BRDA:150,20,1,0
BRDA:153,21,0,0
BRDA:153,21,1,0
BRDA:159,22,0,0
BRDA:159,22,1,0
BRDA:160,23,0,0
BRDA:160,23,1,0
BRDA:174,24,0,0
BRDA:174,24,1,0
BRDA:174,25,0,0
BRDA:174,25,1,0
BRDA:175,26,0,0
BRDA:175,26,1,0
BRDA:175,27,0,0
BRDA:175,27,1,0
BRDA:180,28,0,0
BRDA:180,28,1,0
BRDA:189,29,0,0
BRDA:189,29,1,0
BRDA:190,30,0,0
BRDA:190,30,1,0
BRDA:191,31,0,0
BRDA:191,31,1,0
BRDA:195,32,0,0
BRDA:197,33,0,0
BRDA:197,33,1,0
BRDA:198,34,0,0
BRDA:198,34,1,0
BRDA:198,35,0,0
BRDA:198,35,1,0
BRDA:206,36,0,0
BRDA:206,36,1,0
BRDA:209,37,0,0
BRDA:209,37,1,0
BRDA:230,38,0,0
BRDA:230,38,1,0
BRDA:238,39,0,0
BRDA:238,39,1,0
BRDA:238,40,0,0
BRDA:238,40,1,0
BRDA:255,41,0,0
BRDA:255,41,1,0
BRDA:256,42,0,0
BRDA:256,42,1,0
BRDA:256,42,2,0
BRDA:256,42,3,0
BRDA:256,42,4,0
BRDA:262,43,0,0
BRDA:262,43,1,0
BRDA:300,44,0,0
BRDA:300,44,1,0
BRDA:309,45,0,0
BRDA:309,45,1,0
BRDA:319,46,0,0
BRDA:319,46,1,0
BRDA:324,47,0,0
BRDA:324,48,0,0
BRDA:325,49,0,0
BRDA:325,49,1,0
BRDA:326,50,0,0
BRDA:326,50,1,0
BRDA:327,51,0,0
BRDA:327,51,1,0
BRDA:328,52,0,0
BRDA:328,52,1,0
BRDA:329,53,0,0
BRDA:329,53,1,0
BRDA:330,54,0,0
BRDA:330,54,1,0
BRDA:332,55,0,0
BRDA:332,55,1,0
BRDA:334,56,0,0
BRDA:334,56,1,0
BRDA:337,57,0,0
BRDA:337,57,1,0
BRDA:345,58,0,0
BRDA:345,58,1,0
BRDA:349,59,0,0
BRDA:349,59,1,0
BRDA:353,60,0,0
BRDA:353,60,1,0
BRDA:354,61,0,0
BRDA:354,61,1,0
BRDA:358,62,0,0
BRDA:358,62,1,0
BRDA:359,63,0,0
BRDA:359,63,1,0
BRF:130
BRH:10
end_of_record
TN:
SF:server\api\_lib\gemini.js
FN:4,(anonymous_0)
FN:19,(anonymous_1)
FN:29,(anonymous_2)
FN:60,(anonymous_3)
FN:81,(anonymous_4)
FN:106,(anonymous_5)
FN:117,(anonymous_6)
FN:125,(anonymous_7)
FN:142,(anonymous_8)
FN:150,(anonymous_9)
FN:153,(anonymous_10)
FNF:11
FNH:0
FNDA:0,(anonymous_0)
FNDA:0,(anonymous_1)
FNDA:0,(anonymous_2)
FNDA:0,(anonymous_3)
FNDA:0,(anonymous_4)
FNDA:0,(anonymous_5)
FNDA:0,(anonymous_6)
FNDA:0,(anonymous_7)
FNDA:0,(anonymous_8)
FNDA:0,(anonymous_9)
FNDA:0,(anonymous_10)
DA:1,0
DA:2,0
DA:4,0
DA:5,0
DA:6,0
DA:7,0
DA:8,0
DA:9,0
DA:12,0
DA:19,0
DA:20,0
DA:21,0
DA:24,0
DA:25,0
DA:26,0
DA:29,0
DA:37,0
DA:60,0
DA:61,0
DA:63,0
DA:65,0
DA:66,0
DA:68,0
DA:69,0
DA:70,0
DA:73,0
DA:81,0
DA:89,0
DA:106,0
DA:107,0
DA:108,0
DA:109,0
DA:110,0
DA:111,0
DA:112,0
DA:114,0
DA:117,0
DA:124,0
DA:125,0
DA:134,0
DA:142,0
DA:143,0
DA:144,0
DA:145,0
DA:146,0
DA:147,0
DA:148,0
DA:150,0
DA:153,0
DA:154,0
DA:155,0
DA:156,0
DA:157,0
DA:158,0
DA:159,0
DA:160,0
DA:161,0
DA:163,0
DA:164,0
DA:167,0
LF:60
LH:0
BRDA:6,0,0,0
BRDA:6,0,1,0
BRDA:14,1,0,0
BRDA:14,1,1,0
BRDA:15,2,0,0
BRDA:15,2,1,0
BRDA:20,3,0,0
BRDA:20,3,1,0
BRDA:21,4,0,0
BRDA:21,4,1,0
BRDA:24,5,0,0
BRDA:24,5,1,0
BRDA:25,6,0,0
BRDA:25,6,1,0
BRDA:35,7,0,0
BRDA:61,8,0,0
BRDA:61,8,1,0
BRDA:63,9,0,0
BRDA:63,9,1,0
BRDA:74,10,0,0
BRDA:74,10,1,0
BRDA:87,11,0,0
BRDA:102,12,0,0
BRDA:102,12,1,0
BRDA:107,13,0,0
BRDA:107,13,1,0
BRDA:109,14,0,0
BRDA:109,14,1,0
BRDA:109,15,0,0
BRDA:109,15,1,0
BRDA:122,16,0,0
BRDA:124,17,0,0
BRDA:124,17,1,0
BRDA:124,18,0,0
BRDA:124,18,1,0
BRDA:132,19,0,0
BRDA:132,19,1,0
BRDA:143,20,0,0
BRDA:143,20,1,0
BRDA:144,21,0,0
BRDA:144,21,1,0
BRDA:145,22,0,0
BRDA:145,22,1,0
BRDA:154,23,0,0
BRDA:154,23,1,0
BRDA:154,24,0,0
BRDA:154,24,1,0
BRDA:154,24,2,0
BRDA:154,24,3,0
BRDA:163,25,0,0
BRDA:163,25,1,0
BRDA:163,26,0,0
BRDA:163,26,1,0
BRF:53
BRH:0
end_of_record
TN:
SF:server\api\_lib\institutionBranding.js
FN:100,(anonymous_0)
FN:107,(anonymous_1)
FN:111,(anonymous_2)
FN:117,(anonymous_3)
FNF:4
FNH:0
FNDA:0,(anonymous_0)
FNDA:0,(anonymous_1)
FNDA:0,(anonymous_2)
FNDA:0,(anonymous_3)
DA:1,0
DA:94,0
DA:100,0
DA:101,0
DA:102,0
DA:103,0
DA:104,0
DA:107,0
DA:108,0
DA:111,0
DA:112,0
DA:113,0
DA:117,0
DA:118,0
DA:119,0
DA:131,0
LF:16
LH:0
BRDA:101,0,0,0
BRDA:101,0,1,0
BRDA:102,1,0,0
BRDA:102,1,1,0
BRDA:103,2,0,0
BRDA:103,2,1,0
BRDA:112,3,0,0
BRDA:112,3,1,0
BRDA:113,4,0,0
BRDA:113,4,1,0
BRDA:117,5,0,0
BRDA:127,6,0,0
BRDA:127,6,1,0
BRF:13
BRH:0
end_of_record
TN:
SF:server\api\_lib\loginIdentifiers.js
FN:6,(anonymous_0)
FN:7,(anonymous_1)
FN:9,(anonymous_2)
FN:15,(anonymous_3)
FN:26,(anonymous_4)
FN:35,(anonymous_5)
FN:45,(anonymous_6)
FNF:7
FNH:0
FNDA:0,(anonymous_0)
FNDA:0,(anonymous_1)
FNDA:0,(anonymous_2)
FNDA:0,(anonymous_3)
FNDA:0,(anonymous_4)
FNDA:0,(anonymous_5)
FNDA:0,(anonymous_6)
DA:1,0
DA:3,0
DA:4,0
DA:6,0
DA:7,0
DA:9,0
DA:10,0
DA:11,0
DA:12,0
DA:15,0
DA:16,0
DA:17,0
DA:18,0
DA:23,0
DA:26,0
DA:27,0
DA:28,0
DA:29,0
DA:32,0
DA:35,0
DA:36,0
DA:37,0
DA:38,0
DA:42,0
DA:45,0
DA:46,0
DA:47,0
DA:50,0
LF:28
LH:0
BRDA:6,0,0,0
BRDA:6,0,1,0
BRDA:15,1,0,0
BRDA:17,2,0,0
BRDA:17,2,1,0
BRDA:28,3,0,0
BRDA:28,3,1,0
BRF:7
BRH:0
end_of_record
TN:
SF:server\api\_lib\promptSafety.js
FN:12,(anonymous_0)
FN:14,(anonymous_1)
FN:16,(anonymous_2)
FN:19,(anonymous_3)
FNF:4
FNH:0
FNDA:0,(anonymous_0)
FNDA:0,(anonymous_1)
FNDA:0,(anonymous_2)
FNDA:0,(anonymous_3)
DA:1,0
DA:12,0
DA:14,0
DA:15,0
DA:16,0
DA:19,0
DA:20,0
DA:21,0
DA:22,0
DA:23,0
DA:24,0
DA:27,0
LF:12
LH:0
BRDA:12,0,0,0
BRDA:12,0,1,0
BRDA:16,1,0,0
BRDA:16,1,1,0
BRDA:19,2,0,0
BRDA:20,3,0,0
BRDA:20,3,1,0
BRF:7
BRH:0
end_of_record
TN:
SF:server\api\_lib\rateLimit.js
FN:12,(anonymous_0)
FN:14,(anonymous_1)
FN:19,(anonymous_2)
FN:21,(anonymous_3)
FN:28,(anonymous_4)
FN:33,(anonymous_5)
FN:40,(anonymous_6)
FN:42,(anonymous_7)
FN:48,(anonymous_8)
FN:53,(anonymous_9)
FN:58,(anonymous_10)
FN:61,(anonymous_11)
FN:73,(anonymous_12)
FN:78,(anonymous_13)
FN:85,(anonymous_14)
FN:92,(anonymous_15)
FN:93,(anonymous_16)
FN:96,(anonymous_17)
FN:100,(anonymous_18)
FN:104,(anonymous_19)
FN:134,(anonymous_20)
FN:156,(anonymous_21)
FN:167,(anonymous_22)
FN:180,(anonymous_23)
FNF:24
FNH:0
FNDA:0,(anonymous_0)
FNDA:0,(anonymous_1)
FNDA:0,(anonymous_2)
FNDA:0,(anonymous_3)
FNDA:0,(anonymous_4)
FNDA:0,(anonymous_5)
FNDA:0,(anonymous_6)
FNDA:0,(anonymous_7)
FNDA:0,(anonymous_8)
FNDA:0,(anonymous_9)
FNDA:0,(anonymous_10)
FNDA:0,(anonymous_11)
FNDA:0,(anonymous_12)
FNDA:0,(anonymous_13)
FNDA:0,(anonymous_14)
FNDA:0,(anonymous_15)
FNDA:0,(anonymous_16)
FNDA:0,(anonymous_17)
FNDA:0,(anonymous_18)
FNDA:0,(anonymous_19)
FNDA:0,(anonymous_20)
FNDA:0,(anonymous_21)
FNDA:0,(anonymous_22)
FNDA:0,(anonymous_23)
DA:1,0
DA:3,0
DA:4,0
DA:6,0
DA:7,0
DA:8,0
DA:9,0
DA:10,0
DA:12,0
DA:14,0
DA:15,0
DA:16,0
DA:19,0
DA:21,0
DA:28,0
DA:33,0
DA:34,0
DA:35,0
DA:36,0
DA:37,0
DA:40,0
DA:42,0
DA:43,0
DA:44,0
DA:45,0
DA:48,0
DA:49,0
DA:50,0
DA:53,0
DA:54,0
DA:55,0
DA:58,0
DA:59,0
DA:61,0
DA:62,0
DA:63,0
DA:65,0
DA:69,0
DA:73,0
DA:78,0
DA:85,0
DA:86,0
DA:87,0
DA:88,0
DA:89,0
DA:92,0
DA:93,0
DA:96,0
DA:97,0
DA:98,0
DA:100,0
DA:101,0
DA:104,0
DA:105,0
DA:107,0
DA:108,0
DA:109,0
DA:111,0
DA:112,0
DA:113,0
DA:114,0
DA:115,0
DA:116,0
DA:123,0
DA:127,0
DA:129,0
DA:130,0
DA:134,0
DA:135,0
DA:136,0
DA:138,0
DA:139,0
DA:141,0
DA:142,0
DA:143,0
DA:144,0
DA:145,0
DA:146,0
DA:147,0
DA:148,0
DA:150,0
DA:156,0
DA:163,0
DA:164,0
DA:165,0
DA:166,0
DA:167,0
DA:169,0
DA:170,0
DA:171,0
DA:172,0
DA:175,0
DA:176,0
DA:178,0
DA:179,0
DA:180,0
DA:181,0
DA:182,0
DA:184,0
DA:190,0
LF:100
LH:0
BRDA:7,0,0,0
BRDA:7,0,1,0
BRDA:8,1,0,0
BRDA:8,1,1,0
BRDA:9,2,0,0
BRDA:9,2,1,0
BRDA:10,3,0,0
BRDA:10,3,1,0
BRDA:15,4,0,0
BRDA:15,4,1,0
BRDA:16,5,0,0
BRDA:16,5,1,0
BRDA:16,5,2,0
BRDA:19,6,0,0
BRDA:19,6,1,0
BRDA:19,6,2,0
BRDA:19,6,3,0
BRDA:22,7,0,0
BRDA:22,7,1,0
BRDA:22,7,2,0
BRDA:22,7,3,0
BRDA:29,8,0,0
BRDA:29,8,1,0
BRDA:30,9,0,0
BRDA:30,9,1,0
BRDA:43,10,0,0
BRDA:43,10,1,0
BRDA:44,11,0,0
BRDA:44,11,1,0
BRDA:45,12,0,0
BRDA:45,12,1,0
BRDA:49,13,0,0
BRDA:49,13,1,0
BRDA:50,14,0,0
BRDA:50,14,1,0
BRDA:50,15,0,0
BRDA:50,15,1,0
BRDA:54,16,0,0
BRDA:54,16,1,0
BRDA:55,17,0,0
BRDA:55,17,1,0
BRDA:55,18,0,0
BRDA:55,18,1,0
BRDA:58,19,0,0
BRDA:59,20,0,0
BRDA:59,20,1,0
BRDA:59,21,0,0
BRDA:59,21,1,0
BRDA:62,22,0,0
BRDA:62,22,1,0
BRDA:63,23,0,0
BRDA:63,23,1,0
BRDA:63,24,0,0
BRDA:63,24,1,0
BRDA:63,24,2,0
BRDA:73,25,0,0
BRDA:78,26,0,0
BRDA:78,27,0,0
BRDA:78,28,0,0
BRDA:80,29,0,0
BRDA:80,29,1,0
BRDA:82,30,0,0
BRDA:82,30,1,0
BRDA:82,30,2,0
BRDA:86,31,0,0
BRDA:86,31,1,0
BRDA:87,32,0,0
BRDA:87,32,1,0
BRDA:93,33,0,0
BRDA:93,33,1,0
BRDA:97,34,0,0
BRDA:97,34,1,0
BRDA:97,35,0,0
BRDA:97,35,1,0
BRDA:98,36,0,0
BRDA:98,36,1,0
BRDA:101,37,0,0
BRDA:101,37,1,0
BRDA:105,38,0,0
BRDA:105,38,1,0
BRDA:109,39,0,0
BRDA:109,39,1,0
BRDA:109,40,0,0
BRDA:109,40,1,0
BRDA:115,41,0,0
BRDA:115,41,1,0
BRDA:117,42,0,0
BRDA:117,42,1,0
BRDA:117,42,2,0
BRDA:117,42,3,0
BRDA:129,43,0,0
BRDA:129,43,1,0
BRDA:136,44,0,0
BRDA:136,44,1,0
BRDA:139,45,0,0
BRDA:139,45,1,0
BRDA:141,46,0,0
BRDA:141,46,1,0
BRDA:141,46,2,0
BRDA:148,47,0,0
BRDA:148,47,1,0
BRDA:158,48,0,0
BRDA:160,49,0,0
BRDA:161,50,0,0
BRDA:167,51,0,0
BRDA:167,51,1,0
BRDA:169,52,0,0
BRDA:169,52,1,0
BRDA:170,53,0,0
BRDA:170,53,1,0
BRDA:178,54,0,0
BRDA:178,54,1,0
BRDA:181,55,0,0
BRDA:181,55,1,0
BRF:114
BRH:0
end_of_record
TN:
SF:server\api\_lib\stripe.js
FN:5,(anonymous_0)
FN:23,(anonymous_1)
FN:39,(anonymous_2)
FNF:3
FNH:0
FNDA:0,(anonymous_0)
FNDA:0,(anonymous_1)
FNDA:0,(anonymous_2)
DA:1,0
DA:3,0
DA:5,0
DA:6,0
DA:7,0
DA:8,0
DA:10,0
DA:11,0
DA:12,0
DA:13,0
DA:16,0
DA:23,0
DA:24,0
DA:25,0
DA:26,0
DA:33,0
DA:39,0
DA:40,0
DA:41,0
DA:44,0
DA:46,0
DA:47,0
DA:48,0
DA:49,0
DA:50,0
DA:52,0
DA:56,0
LF:27
LH:0
BRDA:7,0,0,0
BRDA:7,0,1,0
BRDA:10,1,0,0
BRDA:10,1,1,0
BRDA:10,2,0,0
BRDA:10,2,1,0
BRDA:25,3,0,0
BRDA:25,3,1,0
BRDA:41,4,0,0
BRDA:41,4,1,0
BRDA:41,5,0,0
BRDA:41,5,1,0
BRDA:44,6,0,0
BRDA:44,6,1,0
BRDA:49,7,0,0
BRDA:49,7,1,0
BRF:16
BRH:0
end_of_record
TN:
SF:server\api\_lib\subscriptionEntitlements.js
FN:18,(anonymous_0)
FN:19,(anonymous_1)
FN:21,(anonymous_2)
FN:23,(anonymous_3)
FN:46,(anonymous_4)
FN:57,(anonymous_5)
FN:80,(anonymous_6)
FN:94,(anonymous_7)
FN:100,(anonymous_8)
FN:105,(anonymous_9)
FN:113,(anonymous_10)
FN:120,(anonymous_11)
FN:151,(anonymous_12)
FNF:13
FNH:0
FNDA:0,(anonymous_0)
FNDA:0,(anonymous_1)
FNDA:0,(anonymous_2)
FNDA:0,(anonymous_3)
FNDA:0,(anonymous_4)
FNDA:0,(anonymous_5)
FNDA:0,(anonymous_6)
FNDA:0,(anonymous_7)
FNDA:0,(anonymous_8)
FNDA:0,(anonymous_9)
FNDA:0,(anonymous_10)
FNDA:0,(anonymous_11)
FNDA:0,(anonymous_12)
DA:5,0
DA:14,0
DA:16,0
DA:18,0
DA:19,0
DA:21,0
DA:23,0
DA:24,0
DA:25,0
DA:26,0
DA:27,0
DA:28,0
DA:29,0
DA:32,0
DA:33,0
DA:34,0
DA:35,0
DA:36,0
DA:39,0
DA:46,0
DA:47,0
DA:48,0
DA:49,0
DA:57,0
DA:58,0
DA:59,0
DA:60,0
DA:61,0
DA:65,0
DA:67,0
DA:80,0
DA:81,0
DA:82,0
DA:83,0
DA:85,0
DA:94,0
DA:95,0
DA:96,0
DA:97,0
DA:100,0
DA:101,0
DA:102,0
DA:105,0
DA:106,0
DA:113,0
DA:114,0
DA:115,0
DA:116,0
DA:117,0
DA:120,0
DA:128,0
DA:129,0
DA:130,0
DA:137,0
DA:138,0
DA:139,0
DA:140,0
DA:141,0
DA:144,0
DA:145,0
DA:146,0
DA:147,0
DA:148,0
DA:149,0
DA:151,0
DA:152,0
DA:153,0
DA:154,0
DA:155,0
DA:156,0
DA:158,0
DA:159,0
DA:165,0
DA:177,0
DA:185,0
LF:75
LH:0
BRDA:18,0,0,0
BRDA:18,0,1,0
BRDA:19,1,0,0
BRDA:21,2,0,0
BRDA:21,2,1,0
BRDA:26,3,0,0
BRDA:26,3,1,0
BRDA:33,4,0,0
BRDA:33,4,1,0
BRDA:40,5,0,0
BRDA:40,5,1,0
BRDA:48,6,0,0
BRDA:48,6,1,0
BRDA:50,7,0,0
BRDA:50,7,1,0
BRDA:52,8,0,0
BRDA:52,8,1,0
BRDA:53,9,0,0
BRDA:53,9,1,0
BRDA:61,10,0,0
BRDA:61,10,1,0
BRDA:61,10,2,0
BRDA:61,10,3,0
BRDA:65,11,0,0
BRDA:65,11,1,0
BRDA:65,11,2,0
BRDA:68,12,0,0
BRDA:68,12,1,0
BRDA:68,12,2,0
BRDA:69,13,0,0
BRDA:69,13,1,0
BRDA:69,13,2,0
BRDA:71,14,0,0
BRDA:71,14,1,0
BRDA:72,15,0,0
BRDA:72,15,1,0
BRDA:75,16,0,0
BRDA:75,16,1,0
BRDA:75,16,2,0
BRDA:76,17,0,0
BRDA:76,17,1,0
BRDA:88,18,0,0
BRDA:88,18,1,0
BRDA:100,19,0,0
BRDA:121,20,0,0
BRDA:122,21,0,0
BRDA:125,22,0,0
BRDA:126,23,0,0
BRDA:130,24,0,0
BRDA:130,24,1,0
BRDA:137,25,0,0
BRDA:137,25,1,0
BRDA:137,26,0,0
BRDA:137,26,1,0
BRDA:144,27,0,0
BRDA:144,27,1,0
BRDA:153,28,0,0
BRDA:153,28,1,0
BRDA:153,29,0,0
BRDA:153,29,1,0
BRDA:154,30,0,0
BRDA:154,30,1,0
BRDA:156,31,0,0
BRDA:156,31,1,0
BRDA:166,32,0,0
BRDA:166,32,1,0
BRDA:172,33,0,0
BRDA:172,33,1,0
BRDA:173,34,0,0
BRDA:173,34,1,0
BRDA:173,34,2,0
BRF:71
BRH:0
end_of_record
TN:
SF:server\api\_lib\supabaseAdmin.js
FN:4,(anonymous_0)
FN:12,(anonymous_1)
FN:14,(anonymous_2)
FN:23,(anonymous_3)
FN:37,(anonymous_4)
FN:42,(anonymous_5)
FN:69,(anonymous_6)
FNF:7
FNH:0
FNDA:0,(anonymous_0)
FNDA:0,(anonymous_1)
FNDA:0,(anonymous_2)
FNDA:0,(anonymous_3)
FNDA:0,(anonymous_4)
FNDA:0,(anonymous_5)
FNDA:0,(anonymous_6)
DA:1,0
DA:5,0
DA:6,0
DA:7,0
DA:8,0
DA:12,0
DA:14,0
DA:15,0
DA:16,0
DA:23,0
DA:24,0
DA:25,0
DA:27,0
DA:28,0
DA:29,0
DA:33,0
DA:35,0
DA:37,0
DA:42,0
DA:43,0
DA:44,0
DA:50,0
DA:51,0
DA:57,0
DA:58,0
DA:64,0
DA:67,0
DA:69,0
DA:70,0
DA:72,0
DA:73,0
DA:80,0
DA:83,0
LF:33
LH:0
BRDA:4,0,0,0
BRDA:12,1,0,0
BRDA:12,1,1,0
BRDA:16,2,0,0
BRDA:16,2,1,0
BRDA:16,2,2,0
BRDA:16,2,3,0
BRDA:25,3,0,0
BRDA:25,3,1,0
BRDA:29,4,0,0
BRDA:29,4,1,0
BRDA:31,5,0,0
BRDA:31,5,1,0
BRDA:33,6,0,0
BRDA:33,6,1,0
BRDA:35,7,0,0
BRDA:35,7,1,0
BRDA:43,8,0,0
BRDA:43,8,1,0
BRDA:45,9,0,0
BRDA:45,9,1,0
BRDA:45,9,2,0
BRDA:50,10,0,0
BRDA:50,10,1,0
BRDA:50,11,0,0
BRDA:50,11,1,0
BRDA:57,12,0,0
BRDA:57,12,1,0
BRDA:70,13,0,0
BRDA:70,13,1,0
BRF:30
BRH:0
end_of_record
TN:
SF:server\api\_lib\supabaseProfileMirror.js
FN:4,(anonymous_0)
FN:5,(anonymous_1)
FN:7,(anonymous_2)
FN:14,(anonymous_3)
FN:16,(anonymous_4)
FN:26,(anonymous_5)
FN:28,(anonymous_6)
FN:42,(anonymous_7)
FN:94,(anonymous_8)
FN:112,(anonymous_9)
FN:150,(anonymous_10)
FN:184,(anonymous_11)
FN:189,(anonymous_12)
FN:191,(anonymous_13)
FN:224,(anonymous_14)
FN:241,(anonymous_15)
FNF:16
FNH:0
FNDA:0,(anonymous_0)
FNDA:0,(anonymous_1)
FNDA:0,(anonymous_2)
FNDA:0,(anonymous_3)
FNDA:0,(anonymous_4)
FNDA:0,(anonymous_5)
FNDA:0,(anonymous_6)
FNDA:0,(anonymous_7)
FNDA:0,(anonymous_8)
FNDA:0,(anonymous_9)
FNDA:0,(anonymous_10)
FNDA:0,(anonymous_11)
FNDA:0,(anonymous_12)
FNDA:0,(anonymous_13)
FNDA:0,(anonymous_14)
FNDA:0,(anonymous_15)
DA:1,0
DA:2,0
DA:4,0
DA:5,0
DA:7,0
DA:8,0
DA:9,0
DA:10,0
DA:11,0
DA:14,0
DA:16,0
DA:17,0
DA:18,0
DA:19,0
DA:20,0
DA:21,0
DA:23,0
DA:26,0
DA:28,0
DA:29,0
DA:30,0
DA:31,0
DA:33,0
DA:34,0
DA:35,0
DA:36,0
DA:39,0
DA:42,0
DA:43,0
DA:44,0
DA:46,0
DA:47,0
DA:49,0
DA:50,0
DA:55,0
DA:56,0
DA:59,0
DA:60,0
DA:65,0
DA:66,0
DA:69,0
DA:70,0
DA:75,0
DA:76,0
DA:79,0
DA:80,0
DA:81,0
DA:84,0
DA:85,0
DA:86,0
DA:87,0
DA:90,0
DA:91,0
DA:94,0
DA:112,0
DA:113,0
DA:114,0
DA:115,0
DA:116,0
DA:117,0
DA:120,0
DA:122,0
DA:150,0
DA:151,0
DA:152,0
DA:154,0
DA:155,0
DA:156,0
DA:158,0
DA:159,0
DA:160,0
DA:165,0
DA:168,0
DA:173,0
DA:174,0
DA:175,0
DA:178,0
DA:184,0
DA:185,0
DA:186,0
DA:189,0
DA:191,0
DA:192,0
DA:193,0
DA:194,0
DA:195,0
DA:201,0
DA:224,0
DA:225,0
DA:226,0
DA:227,0
DA:233,0
DA:234,0
DA:235,0
DA:238,0
DA:241,0
DA:242,0
DA:243,0
DA:244,0
DA:251,0
LF:100
LH:0
BRDA:4,0,0,0
BRDA:4,0,1,0
BRDA:5,1,0,0
BRDA:5,1,1,0
BRDA:7,2,0,0
BRDA:8,3,0,0
BRDA:8,3,1,0
BRDA:8,4,0,0
BRDA:8,4,1,0
BRDA:10,5,0,0
BRDA:10,5,1,0
BRDA:14,6,0,0
BRDA:14,6,1,0
BRDA:16,7,0,0
BRDA:18,8,0,0
BRDA:18,8,1,0
BRDA:26,9,0,0
BRDA:26,9,1,0
BRDA:30,10,0,0
BRDA:30,10,1,0
BRDA:31,11,0,0
BRDA:31,11,1,0
BRDA:33,12,0,0
BRDA:33,12,1,0
BRDA:33,13,0,0
BRDA:33,13,1,0
BRDA:33,13,2,0
BRDA:44,14,0,0
BRDA:44,14,1,0
BRDA:49,15,0,0
BRDA:49,15,1,0
BRDA:59,16,0,0
BRDA:59,16,1,0
BRDA:59,17,0,0
BRDA:59,17,1,0
BRDA:69,18,0,0
BRDA:69,18,1,0
BRDA:69,19,0,0
BRDA:69,19,1,0
BRDA:79,20,0,0
BRDA:79,20,1,0
BRDA:84,21,0,0
BRDA:84,21,1,0
BRDA:102,22,0,0
BRDA:102,22,1,0
BRDA:102,23,0,0
BRDA:102,23,1,0
BRDA:106,24,0,0
BRDA:106,24,1,0
BRDA:108,25,0,0
BRDA:108,25,1,0
BRDA:109,26,0,0
BRDA:109,26,1,0
BRDA:114,27,0,0
BRDA:114,27,1,0
BRDA:120,28,0,0
BRDA:120,28,1,0
BRDA:120,28,2,0
BRDA:123,29,0,0
BRDA:123,29,1,0
BRDA:123,29,2,0
BRDA:124,30,0,0
BRDA:124,30,1,0
BRDA:124,30,2,0
BRDA:125,31,0,0
BRDA:125,31,1,0
BRDA:126,32,0,0
BRDA:126,32,1,0
BRDA:126,32,2,0
BRDA:130,33,0,0
BRDA:130,33,1,0
BRDA:132,34,0,0
BRDA:132,34,1,0
BRDA:134,35,0,0
BRDA:134,35,1,0
BRDA:137,36,0,0
BRDA:137,36,1,0
BRDA:137,36,2,0
BRDA:139,37,0,0
BRDA:139,37,1,0
BRDA:141,38,0,0
BRDA:141,38,1,0
BRDA:141,39,0,0
BRDA:141,39,1,0
BRDA:142,40,0,0
BRDA:142,40,1,0
BRDA:142,41,0,0
BRDA:142,41,1,0
BRDA:143,42,0,0
BRDA:143,42,1,0
BRDA:143,43,0,0
BRDA:143,43,1,0
BRDA:144,44,0,0
BRDA:144,44,1,0
BRDA:145,45,0,0
BRDA:145,45,1,0
BRDA:145,45,2,0
BRDA:151,46,0,0
BRDA:151,46,1,0
BRDA:152,47,0,0
BRDA:152,47,1,0
BRDA:173,48,0,0
BRDA:173,48,1,0
BRDA:179,49,0,0
BRDA:179,49,1,0
BRDA:180,50,0,0
BRDA:180,50,1,0
BRDA:185,51,0,0
BRDA:185,51,1,0
BRDA:186,52,0,0
BRDA:186,52,1,0
BRDA:189,53,0,0
BRDA:189,53,1,0
BRDA:192,54,0,0
BRDA:192,54,1,0
BRDA:193,55,0,0
BRDA:193,55,1,0
BRDA:193,56,0,0
BRDA:193,56,1,0
BRDA:194,57,0,0
BRDA:194,57,1,0
BRDA:194,58,0,0
BRDA:194,58,1,0
BRDA:196,59,0,0
BRDA:196,59,1,0
BRDA:196,60,0,0
BRDA:196,60,1,0
BRDA:202,61,0,0
BRDA:202,61,1,0
BRDA:202,62,0,0
BRDA:202,62,1,0
BRDA:207,63,0,0
BRDA:207,63,1,0
BRDA:209,64,0,0
BRDA:209,64,1,0
BRDA:211,65,0,0
BRDA:211,65,1,0
BRDA:213,66,0,0
BRDA:213,66,1,0
BRDA:213,67,0,0
BRDA:213,67,1,0
BRDA:217,68,0,0
BRDA:217,68,1,0
BRDA:218,69,0,0
BRDA:218,69,1,0
BRDA:218,69,2,0
BRDA:233,70,0,0
BRDA:233,70,1,0
BRF:148
BRH:0
end_of_record
TN:
SF:server\api\_lib\supabaseTenantBridge.js
FN:1,(anonymous_0)
FN:12,(anonymous_1)
FN:45,(anonymous_2)
FNF:3
FNH:0
FNDA:0,(anonymous_0)
FNDA:0,(anonymous_1)
FNDA:0,(anonymous_2)
DA:1,0
DA:2,0
DA:3,0
DA:4,0
DA:5,0
DA:6,0
DA:9,0
DA:12,0
DA:13,0
DA:14,0
DA:15,0
DA:16,0
DA:19,0
DA:27,0
DA:28,0
DA:30,0
DA:31,0
DA:33,0
DA:36,0
DA:37,0
DA:38,0
DA:39,0
DA:42,0
DA:45,0
DA:46,0
DA:47,0
DA:50,0
LF:27
LH:0
BRDA:2,0,0,0
BRDA:2,0,1,0
BRDA:2,0,2,0
BRDA:3,1,0,0
BRDA:3,1,1,0
BRDA:12,2,0,0
BRDA:13,3,0,0
BRDA:13,3,1,0
BRDA:31,4,0,0
BRDA:31,4,1,0
BRDA:36,5,0,0
BRDA:36,5,1,0
BRDA:36,6,0,0
BRDA:36,6,1,0
BRDA:37,7,0,0
BRDA:37,7,1,0
BRDA:38,8,0,0
BRDA:38,8,1,0
BRDA:38,9,0,0
BRDA:38,9,1,0
BRF:20
BRH:0
end_of_record
TN:
SF:server\api\_lib\supabaseUserSync.js
FN:10,(anonymous_0)
FN:12,(anonymous_1)
FN:18,(anonymous_2)
FN:29,(anonymous_3)
FN:32,(anonymous_4)
FN:43,(anonymous_5)
FN:57,(anonymous_6)
FN:73,(anonymous_7)
FNF:8
FNH:0
FNDA:0,(anonymous_0)
FNDA:0,(anonymous_1)
FNDA:0,(anonymous_2)
FNDA:0,(anonymous_3)
FNDA:0,(anonymous_4)
FNDA:0,(anonymous_5)
FNDA:0,(anonymous_6)
FNDA:0,(anonymous_7)
DA:4,0
DA:8,0
DA:10,0
DA:12,0
DA:18,0
DA:19,0
DA:29,0
DA:30,0
DA:31,0
DA:32,0
DA:33,0
DA:36,0
DA:37,0
DA:40,0
DA:43,0
DA:44,0
DA:45,0
DA:51,0
DA:57,0
DA:58,0
DA:64,0
DA:66,0
DA:73,0
DA:81,0
DA:82,0
DA:83,0
DA:86,0
DA:87,0
DA:88,0
DA:89,0
DA:94,0
DA:100,0
DA:101,0
DA:105,0
DA:106,0
DA:110,0
DA:117,0
DA:118,0
DA:127,0
LF:39
LH:0
BRDA:10,0,0,0
BRDA:10,0,1,0
BRDA:13,1,0,0
BRDA:13,1,1,0
BRDA:14,2,0,0
BRDA:14,2,1,0
BRDA:15,3,0,0
BRDA:15,3,1,0
BRDA:23,4,0,0
BRDA:23,4,1,0
BRDA:24,5,0,0
BRDA:24,5,1,0
BRDA:25,6,0,0
BRDA:25,6,1,0
BRDA:30,7,0,0
BRDA:30,7,1,0
BRDA:31,8,0,0
BRDA:31,8,1,0
BRDA:33,9,0,0
BRDA:33,9,1,0
BRDA:36,10,0,0
BRDA:36,10,1,0
BRDA:40,11,0,0
BRDA:40,11,1,0
BRDA:44,12,0,0
BRDA:44,12,1,0
BRDA:52,13,0,0
BRDA:52,13,1,0
BRDA:59,14,0,0
BRDA:59,14,1,0
BRDA:60,15,0,0
BRDA:60,15,1,0
BRDA:64,16,0,0
BRDA:64,16,1,0
BRDA:68,17,0,0
BRDA:68,17,1,0
BRDA:69,18,0,0
BRDA:69,18,1,0
BRDA:74,19,0,0
BRDA:76,20,0,0
BRDA:77,21,0,0
BRDA:81,22,0,0
BRDA:81,22,1,0
BRDA:82,23,0,0
BRDA:82,23,1,0
BRDA:87,24,0,0
BRDA:87,24,1,0
BRDA:106,25,0,0
BRDA:106,25,1,0
BRDA:111,26,0,0
BRDA:111,26,1,0
BRDA:119,27,0,0
BRDA:119,27,1,0
BRF:53
BRH:0
end_of_record
TN:
SF:server\api\_lib\webPush.js
FN:9,(anonymous_0)
FN:17,(anonymous_1)
FN:32,(anonymous_2)
FN:44,(anonymous_3)
FN:46,(anonymous_4)
FN:65,(anonymous_5)
FN:80,(anonymous_6)
FN:94,(anonymous_7)
FN:106,(anonymous_8)
FN:117,(anonymous_9)
FN:139,(anonymous_10)
FN:140,(anonymous_11)
FNF:12
FNH:0
FNDA:0,(anonymous_0)
FNDA:0,(anonymous_1)
FNDA:0,(anonymous_2)
FNDA:0,(anonymous_3)
FNDA:0,(anonymous_4)
FNDA:0,(anonymous_5)
FNDA:0,(anonymous_6)
FNDA:0,(anonymous_7)
FNDA:0,(anonymous_8)
FNDA:0,(anonymous_9)
FNDA:0,(anonymous_10)
FNDA:0,(anonymous_11)
DA:1,0
DA:3,0
DA:4,0
DA:6,0
DA:7,0
DA:9,0
DA:10,0
DA:11,0
DA:14,0
DA:17,0
DA:18,0
DA:21,0
DA:22,0
DA:24,0
DA:32,0
DA:33,0
DA:34,0
DA:36,0
DA:37,0
DA:38,0
DA:41,0
DA:44,0
DA:46,0
DA:47,0
DA:48,0
DA:49,0
DA:50,0
DA:51,0
DA:53,0
DA:55,0
DA:65,0
DA:71,0
DA:80,0
DA:89,0
DA:91,0
DA:92,0
DA:94,0
DA:95,0
DA:96,0
DA:98,0
DA:99,0
DA:102,0
DA:104,0
DA:105,0
DA:106,0
DA:107,0
DA:110,0
DA:114,0
DA:117,0
DA:127,0
DA:128,0
DA:131,0
DA:133,0
DA:134,0
DA:138,0
DA:139,0
DA:140,0
DA:142,0
DA:153,0
LF:59
LH:0
BRDA:10,0,0,0
BRDA:10,0,1,0
BRDA:18,1,0,0
BRDA:18,1,1,0
BRDA:18,1,2,0
BRDA:21,2,0,0
BRDA:21,2,1,0
BRDA:22,3,0,0
BRDA:22,3,1,0
BRDA:25,4,0,0
BRDA:25,4,1,0
BRDA:34,5,0,0
BRDA:34,5,1,0
BRDA:36,6,0,0
BRDA:36,6,1,0
BRDA:47,7,0,0
BRDA:47,7,1,0
BRDA:47,8,0,0
BRDA:47,8,1,0
BRDA:48,9,0,0
BRDA:48,9,1,0
BRDA:49,10,0,0
BRDA:49,10,1,0
BRDA:50,11,0,0
BRDA:50,11,1,0
BRDA:51,12,0,0
BRDA:51,12,1,0
BRDA:53,13,0,0
BRDA:53,13,1,0
BRDA:53,14,0,0
BRDA:53,14,1,0
BRDA:53,14,2,0
BRDA:57,15,0,0
BRDA:57,15,1,0
BRDA:67,16,0,0
BRDA:68,17,0,0
BRDA:70,18,0,0
BRDA:72,19,0,0
BRDA:72,19,1,0
BRDA:76,20,0,0
BRDA:76,20,1,0
BRDA:82,21,0,0
BRDA:83,22,0,0
BRDA:84,23,0,0
BRDA:87,24,0,0
BRDA:89,25,0,0
BRDA:89,25,1,0
BRDA:95,26,0,0
BRDA:95,26,1,0
BRDA:96,27,0,0
BRDA:96,27,1,0
BRDA:104,28,0,0
BRDA:104,28,1,0
BRDA:105,29,0,0
BRDA:105,29,1,0
BRDA:105,30,0,0
BRDA:105,30,1,0
BRDA:105,30,2,0
BRDA:105,30,3,0
BRDA:110,31,0,0
BRDA:110,31,1,0
BRDA:119,32,0,0
BRDA:125,33,0,0
BRDA:127,34,0,0
BRDA:127,34,1,0
BRDA:127,35,0,0
BRDA:127,35,1,0
BRDA:127,35,2,0
BRDA:127,35,3,0
BRDA:131,36,0,0
BRDA:131,36,1,0
BRDA:139,37,0,0
BRDA:139,37,1,0
BRF:73
BRH:0
end_of_record
TN:
SF:server\api\admin\agent\index.js
FN:27,(anonymous_0)
FN:28,(anonymous_1)
FN:29,(anonymous_2)
FN:34,(anonymous_3)
FN:39,(anonymous_4)
FN:47,(anonymous_5)
FN:53,(anonymous_6)
FN:60,(anonymous_7)
FN:70,(anonymous_8)
FN:72,(anonymous_9)
FN:74,(anonymous_10)
FN:74,(anonymous_11)
FN:77,(anonymous_12)
FN:83,(anonymous_13)
FN:88,(anonymous_14)
FN:91,(anonymous_15)
FN:97,(anonymous_16)
FN:108,(anonymous_17)
FN:114,(anonymous_18)
FN:122,(anonymous_19)
FN:126,(anonymous_20)
FN:139,(anonymous_21)
FN:167,(anonymous_22)
FN:175,(anonymous_23)
FN:178,(anonymous_24)
FN:183,(anonymous_25)
FN:186,(anonymous_26)
FN:189,(anonymous_27)
FN:196,(anonymous_28)
FN:199,(anonymous_29)
FN:211,(anonymous_30)
FN:229,(anonymous_31)
FN:230,(anonymous_32)
FN:239,(anonymous_33)
FN:259,(anonymous_34)
FN:261,(anonymous_35)
FN:269,(anonymous_36)
FN:281,(anonymous_37)
FN:290,(anonymous_38)
FN:301,(anonymous_39)
FN:303,(anonymous_40)
FN:312,(anonymous_41)
FN:331,(anonymous_42)
FN:347,handler
FNF:44
FNH:9
FNDA:2,(anonymous_0)
FNDA:1,(anonymous_1)
FNDA:0,(anonymous_2)
FNDA:0,(anonymous_3)
FNDA:0,(anonymous_4)
FNDA:0,(anonymous_5)
FNDA:1,(anonymous_6)
FNDA:1,(anonymous_7)
FNDA:0,(anonymous_8)
FNDA:0,(anonymous_9)
FNDA:0,(anonymous_10)
FNDA:0,(anonymous_11)
FNDA:0,(anonymous_12)
FNDA:0,(anonymous_13)
FNDA:0,(anonymous_14)
FNDA:0,(anonymous_15)
FNDA:0,(anonymous_16)
FNDA:0,(anonymous_17)
FNDA:0,(anonymous_18)
FNDA:0,(anonymous_19)
FNDA:0,(anonymous_20)
FNDA:1,(anonymous_21)
FNDA:1,(anonymous_22)
FNDA:0,(anonymous_23)
FNDA:1,(anonymous_24)
FNDA:0,(anonymous_25)
FNDA:0,(anonymous_26)
FNDA:0,(anonymous_27)
FNDA:0,(anonymous_28)
FNDA:0,(anonymous_29)
FNDA:0,(anonymous_30)
FNDA:0,(anonymous_31)
FNDA:0,(anonymous_32)
FNDA:0,(anonymous_33)
FNDA:0,(anonymous_34)
FNDA:0,(anonymous_35)
FNDA:0,(anonymous_36)
FNDA:0,(anonymous_37)
FNDA:0,(anonymous_38)
FNDA:0,(anonymous_39)
FNDA:0,(anonymous_40)
FNDA:0,(anonymous_41)
FNDA:1,(anonymous_42)
FNDA:1,handler
DA:1,1
DA:11,1
DA:12,1
DA:13,1
DA:15,1
DA:16,1
DA:17,1
DA:18,1
DA:20,1
DA:27,2
DA:28,1
DA:29,1
DA:30,0
DA:31,0
DA:34,1
DA:35,0
DA:36,0
DA:39,1
DA:40,0
DA:47,1
DA:48,0
DA:53,1
DA:54,1
DA:55,1
DA:56,1
DA:57,1
DA:60,1
DA:61,1
DA:62,1
DA:63,1
DA:65,1
DA:66,0
DA:67,0
DA:70,1
DA:72,1
DA:74,0
DA:77,1
DA:83,1
DA:84,0
DA:85,0
DA:88,1
DA:89,0
DA:90,0
DA:91,0
DA:92,0
DA:93,0
DA:96,0
DA:97,0
DA:98,0
DA:99,0
DA:102,0
DA:103,0
DA:104,0
DA:105,0
DA:107,0
DA:108,0
DA:109,0
DA:114,0
DA:117,0
DA:118,0
DA:119,0
DA:122,0
DA:124,0
DA:125,0
DA:126,0
DA:127,0
DA:128,0
DA:130,0
DA:131,0
DA:132,0
DA:133,0
DA:135,0
DA:136,0
DA:139,1
DA:140,1
DA:141,1
DA:143,1
DA:144,0
DA:145,0
DA:152,1
DA:153,0
DA:157,0
DA:164,1
DA:167,1
DA:168,1
DA:175,1
DA:178,1
DA:179,1
DA:180,1
DA:181,1
DA:183,1
DA:184,0
DA:186,0
DA:189,1
DA:190,1
DA:196,1
DA:197,0
DA:198,0
DA:199,0
DA:200,0
DA:202,0
DA:203,0
DA:204,0
DA:205,0
DA:207,0
DA:210,1
DA:212,0
DA:213,0
DA:214,0
DA:219,0
DA:229,0
DA:230,0
DA:232,1
DA:239,0
DA:242,1
DA:259,1
DA:260,0
DA:261,0
DA:262,0
DA:263,0
DA:269,0
DA:270,0
DA:271,0
DA:272,0
DA:273,0
DA:274,0
DA:275,0
DA:276,0
DA:277,0
DA:278,0
DA:281,0
DA:282,0
DA:283,0
DA:284,0
DA:285,0
DA:289,0
DA:291,0
DA:292,0
DA:301,0
DA:303,0
DA:304,0
DA:312,0
DA:315,0
DA:331,1
DA:332,1
DA:333,1
DA:343,0
DA:347,1
DA:348,1
DA:349,1
DA:350,1
DA:352,1
DA:353,0
DA:354,0
DA:355,0
DA:358,1
DA:359,1
DA:360,1
DA:361,1
DA:362,1
DA:363,0
DA:364,0
DA:365,0
DA:368,1
DA:369,1
DA:372,1
DA:373,0
DA:374,0
DA:375,0
DA:378,1
DA:379,1
DA:387,1
DA:389,1
DA:390,1
DA:391,0
DA:392,0
DA:394,0
DA:406,1
DA:408,1
DA:420,0
LF:180
LH:74
BRDA:27,0,0,2
BRDA:27,0,1,0
BRDA:29,1,0,0
BRDA:31,2,0,0
BRDA:31,2,1,0
BRDA:35,3,0,0
BRDA:35,3,1,0
BRDA:36,4,0,0
BRDA:36,4,1,0
BRDA:40,5,0,0
BRDA:40,5,1,0
BRDA:40,5,2,0
BRDA:40,5,3,0
BRDA:40,5,4,0
BRDA:48,6,0,0
BRDA:48,6,1,0
BRDA:48,7,0,0
BRDA:48,7,1,0
BRDA:48,7,2,0
BRDA:48,7,3,0
BRDA:48,8,0,0
BRDA:48,8,1,0
BRDA:48,8,2,0
BRDA:54,9,0,0
BRDA:54,9,1,1
BRDA:56,10,0,1
BRDA:56,10,1,0
BRDA:57,11,0,1
BRDA:57,11,1,0
BRDA:65,12,0,1
BRDA:65,12,1,0
BRDA:66,13,0,0
BRDA:66,13,1,0
BRDA:77,14,0,0
BRDA:77,14,1,0
BRDA:83,15,0,0
BRDA:84,16,0,0
BRDA:84,16,1,0
BRDA:85,17,0,0
BRDA:85,17,1,0
BRDA:114,18,0,0
BRDA:114,18,1,0
BRDA:143,19,0,0
BRDA:143,19,1,1
BRDA:143,20,0,1
BRDA:143,20,1,1
BRDA:152,21,0,0
BRDA:152,21,1,1
BRDA:152,22,0,1
BRDA:152,22,1,1
BRDA:197,23,0,0
BRDA:197,23,1,0
BRDA:200,24,0,0
BRDA:200,24,1,0
BRDA:202,25,0,0
BRDA:202,25,1,0
BRDA:204,26,0,0
BRDA:204,26,1,0
BRDA:204,27,0,0
BRDA:204,27,1,0
BRDA:212,28,0,0
BRDA:212,28,1,0
BRDA:213,29,0,0
BRDA:213,29,1,0
BRDA:214,30,0,0
BRDA:214,30,1,0
BRDA:216,31,0,0
BRDA:216,31,1,0
BRDA:220,32,0,0
BRDA:220,32,1,0
BRDA:223,33,0,0
BRDA:223,33,1,0
BRDA:223,33,2,0
BRDA:226,34,0,0
BRDA:226,34,1,0
BRDA:229,35,0,0
BRDA:229,35,1,0
BRDA:251,36,0,1
BRDA:251,36,1,0
BRDA:253,37,0,0
BRDA:253,37,1,0
BRDA:270,38,0,0
BRDA:270,38,1,0
BRDA:272,39,0,0
BRDA:272,39,1,0
BRDA:274,40,0,0
BRDA:274,40,1,0
BRDA:274,41,0,0
BRDA:274,41,1,0
BRDA:275,42,0,0
BRDA:275,42,1,0
BRDA:282,43,0,0
BRDA:282,43,1,0
BRDA:284,44,0,0
BRDA:284,44,1,0
BRDA:291,45,0,0
BRDA:291,45,1,0
BRDA:295,46,0,0
BRDA:295,46,1,0
BRDA:295,46,2,0
BRDA:297,47,0,0
BRDA:297,47,1,0
BRDA:298,48,0,0
BRDA:298,48,1,0
BRDA:303,49,0,0
BRDA:303,49,1,0
BRDA:324,50,0,0
BRDA:324,50,1,0
BRDA:326,51,0,0
BRDA:326,51,1,0
BRDA:339,52,0,1
BRDA:339,52,1,0
BRDA:343,53,0,0
BRDA:343,53,1,0
BRDA:350,54,0,0
BRDA:350,54,1,1
BRDA:352,55,0,0
BRDA:352,55,1,1
BRDA:362,56,0,0
BRDA:362,56,1,1
BRDA:363,57,0,0
BRDA:363,57,1,0
BRDA:369,58,0,0
BRDA:369,58,1,1
BRDA:370,59,0,0
BRDA:370,59,1,0
BRDA:372,60,0,0
BRDA:372,60,1,1
BRDA:389,61,0,1
BRDA:389,61,1,0
BRDA:391,62,0,0
BRDA:391,62,1,0
BRF:132
BRH:19
end_of_record
TN:
SF:server\api\admin\branding\index.js
FN:26,(anonymous_0)
FN:37,(anonymous_1)
FN:46,(anonymous_2)
FN:81,handler
FNF:4
FNH:0
FNDA:0,(anonymous_0)
FNDA:0,(anonymous_1)
FNDA:0,(anonymous_2)
FNDA:0,handler
DA:1,0
DA:11,0
DA:16,0
DA:17,0
DA:18,0
DA:20,0
DA:26,0
DA:27,0
DA:28,0
DA:30,0
DA:31,0
DA:32,0
DA:33,0
DA:34,0
DA:37,0
DA:38,0
DA:39,0
DA:41,0
DA:42,0
DA:43,0
DA:46,0
DA:47,0
DA:50,0
DA:51,0
DA:53,0
DA:54,0
DA:55,0
DA:58,0
DA:59,0
DA:60,0
DA:61,0
DA:63,0
DA:66,0
DA:67,0
DA:71,0
DA:72,0
DA:73,0
DA:74,0
DA:75,0
DA:78,0
DA:81,0
DA:82,0
DA:83,0
DA:84,0
DA:85,0
DA:87,0
DA:88,0
DA:89,0
DA:90,0
DA:93,0
DA:94,0
DA:95,0
DA:96,0
DA:97,0
DA:98,0
DA:99,0
DA:101,0
DA:102,0
DA:103,0
DA:104,0
DA:107,0
DA:108,0
DA:109,0
DA:110,0
DA:113,0
DA:114,0
DA:116,0
DA:117,0
DA:118,0
DA:119,0
DA:121,0
DA:123,0
DA:124,0
DA:127,0
DA:128,0
DA:129,0
DA:132,0
DA:142,0
DA:151,0
DA:161,0
LF:80
LH:0
BRDA:28,0,0,0
BRDA:28,0,1,0
BRDA:31,1,0,0
BRDA:31,1,1,0
BRDA:32,2,0,0
BRDA:32,2,1,0
BRDA:38,3,0,0
BRDA:38,3,1,0
BRDA:39,4,0,0
BRDA:39,4,1,0
BRDA:47,5,0,0
BRDA:47,5,1,0
BRDA:58,6,0,0
BRDA:58,6,1,0
BRDA:58,6,2,0
BRDA:61,7,0,0
BRDA:61,7,1,0
BRDA:67,8,0,0
BRDA:67,8,1,0
BRDA:67,8,2,0
BRDA:71,9,0,0
BRDA:71,9,1,0
BRDA:71,10,0,0
BRDA:71,10,1,0
BRDA:71,10,2,0
BRDA:83,11,0,0
BRDA:83,11,1,0
BRDA:87,12,0,0
BRDA:87,12,1,0
BRDA:98,13,0,0
BRDA:98,13,1,0
BRDA:99,14,0,0
BRDA:99,14,1,0
BRDA:101,15,0,0
BRDA:101,15,1,0
BRDA:107,16,0,0
BRDA:107,16,1,0
BRDA:107,17,0,0
BRDA:107,17,1,0
BRDA:116,18,0,0
BRDA:116,18,1,0
BRDA:123,19,0,0
BRDA:123,19,1,0
BRDA:125,20,0,0
BRDA:125,20,1,0
BRDA:128,21,0,0
BRDA:128,21,1,0
BRDA:129,22,0,0
BRDA:129,22,1,0
BRDA:130,23,0,0
BRDA:130,23,1,0
BRDA:130,23,2,0
BRF:52
BRH:0
end_of_record
TN:
SF:server\api\admin\custom-subdomain\index.js
FN:47,(anonymous_0)
FN:58,(anonymous_1)
FN:60,(anonymous_2)
FN:70,(anonymous_3)
FN:76,(anonymous_4)
FN:82,(anonymous_5)
FN:106,(anonymous_6)
FN:125,handler
FNF:8
FNH:0
FNDA:0,(anonymous_0)
FNDA:0,(anonymous_1)
FNDA:0,(anonymous_2)
FNDA:0,(anonymous_3)
FNDA:0,(anonymous_4)
FNDA:0,(anonymous_5)
FNDA:0,(anonymous_6)
FNDA:0,handler
DA:1,0
DA:12,0
DA:13,0
DA:14,0
DA:16,0
DA:38,0
DA:47,0
DA:48,0
DA:49,0
DA:51,0
DA:52,0
DA:53,0
DA:54,0
DA:55,0
DA:58,0
DA:60,0
DA:61,0
DA:62,0
DA:63,0
DA:64,0
DA:65,0
DA:67,0
DA:70,0
DA:76,0
DA:82,0
DA:83,0
DA:84,0
DA:85,0
DA:86,0
DA:87,0
DA:89,0
DA:106,0
DA:107,0
DA:108,0
DA:110,0
DA:111,0
DA:112,0
DA:113,0
DA:116,0
DA:117,0
DA:118,0
DA:119,0
DA:122,0
DA:125,0
DA:126,0
DA:127,0
DA:128,0
DA:129,0
DA:131,0
DA:132,0
DA:133,0
DA:134,0
DA:137,0
DA:138,0
DA:139,0
DA:140,0
DA:141,0
DA:142,0
DA:145,0
DA:146,0
DA:147,0
DA:149,0
DA:150,0
DA:151,0
DA:152,0
DA:155,0
DA:156,0
DA:157,0
DA:159,0
DA:160,0
DA:164,0
DA:170,0
DA:173,0
DA:174,0
DA:176,0
DA:184,0
DA:195,0
LF:77
LH:0
BRDA:49,0,0,0
BRDA:49,0,1,0
BRDA:52,1,0,0
BRDA:52,1,1,0
BRDA:53,2,0,0
BRDA:53,2,1,0
BRDA:58,3,0,0
BRDA:58,3,1,0
BRDA:62,4,0,0
BRDA:62,4,1,0
BRDA:71,5,0,0
BRDA:71,5,1,0
BRDA:71,5,2,0
BRDA:77,6,0,0
BRDA:77,6,1,0
BRDA:77,6,2,0
BRDA:85,7,0,0
BRDA:85,7,1,0
BRDA:92,8,0,0
BRDA:92,8,1,0
BRDA:93,9,0,0
BRDA:93,9,1,0
BRDA:99,10,0,0
BRDA:99,10,1,0
BRDA:107,11,0,0
BRDA:107,11,1,0
BRDA:108,12,0,0
BRDA:108,12,1,0
BRDA:110,13,0,0
BRDA:110,13,1,0
BRDA:116,14,0,0
BRDA:116,14,1,0
BRDA:116,15,0,0
BRDA:116,15,1,0
BRDA:127,16,0,0
BRDA:127,16,1,0
BRDA:131,17,0,0
BRDA:131,17,1,0
BRDA:141,18,0,0
BRDA:141,18,1,0
BRDA:142,19,0,0
BRDA:142,19,1,0
BRDA:142,20,0,0
BRDA:142,20,1,0
BRDA:144,21,0,0
BRDA:144,21,1,0
BRDA:146,22,0,0
BRDA:146,22,1,0
BRDA:149,23,0,0
BRDA:149,23,1,0
BRDA:155,24,0,0
BRDA:155,24,1,0
BRDA:156,25,0,0
BRDA:156,25,1,0
BRDA:159,26,0,0
BRDA:159,26,1,0
BRDA:160,27,0,0
BRDA:160,27,1,0
BRDA:160,27,2,0
BRDA:160,27,3,0
BRF:60
BRH:0
end_of_record
TN:
SF:server\api\admin\fees\assign.js
FN:36,(anonymous_0)
FN:37,(anonymous_1)
FN:45,(anonymous_2)
FN:54,(anonymous_3)
FN:74,handler
FN:140,(anonymous_5)
FN:141,(anonymous_6)
FN:149,(anonymous_7)
FN:156,(anonymous_8)
FN:159,(anonymous_9)
FN:161,(anonymous_10)
FN:162,(anonymous_11)
FN:233,(anonymous_12)
FN:278,(anonymous_13)
FNF:14
FNH:0
FNDA:0,(anonymous_0)
FNDA:0,(anonymous_1)
FNDA:0,(anonymous_2)
FNDA:0,(anonymous_3)
FNDA:0,handler
FNDA:0,(anonymous_5)
FNDA:0,(anonymous_6)
FNDA:0,(anonymous_7)
FNDA:0,(anonymous_8)
FNDA:0,(anonymous_9)
FNDA:0,(anonymous_10)
FNDA:0,(anonymous_11)
FNDA:0,(anonymous_12)
FNDA:0,(anonymous_13)
DA:1,0
DA:11,0
DA:12,0
DA:13,0
DA:18,0
DA:19,0
DA:20,0
DA:22,0
DA:23,0
DA:36,0
DA:37,0
DA:38,0
DA:39,0
DA:40,0
DA:42,0
DA:45,0
DA:46,0
DA:47,0
DA:48,0
DA:49,0
DA:50,0
DA:51,0
DA:54,0
DA:55,0
DA:56,0
DA:57,0
DA:59,0
DA:60,0
DA:61,0
DA:62,0
DA:63,0
DA:65,0
DA:66,0
DA:67,0
DA:68,0
DA:69,0
DA:71,0
DA:74,0
DA:75,0
DA:76,0
DA:77,0
DA:79,0
DA:80,0
DA:81,0
DA:82,0
DA:85,0
DA:86,0
DA:87,0
DA:88,0
DA:90,0
DA:91,0
DA:92,0
DA:94,0
DA:95,0
DA:96,0
DA:97,0
DA:100,0
DA:101,0
DA:102,0
DA:103,0
DA:106,0
DA:108,0
DA:109,0
DA:116,0
DA:117,0
DA:124,0
DA:127,0
DA:128,0
DA:129,0
DA:130,0
DA:131,0
DA:134,0
DA:139,0
DA:140,0
DA:141,0
DA:143,0
DA:144,0
DA:145,0
DA:146,0
DA:149,0
DA:150,0
DA:155,0
DA:157,0
DA:158,0
DA:159,0
DA:161,0
DA:162,0
DA:164,0
DA:165,0
DA:166,0
DA:167,0
DA:168,0
DA:169,0
DA:170,0
DA:174,0
DA:191,0
DA:202,0
DA:203,0
DA:204,0
DA:206,0
DA:207,0
DA:208,0
DA:233,0
DA:234,0
DA:235,0
DA:258,0
DA:265,0
DA:268,0
DA:279,0
DA:282,0
DA:292,0
LF:111
LH:0
BRDA:36,0,0,0
BRDA:36,0,1,0
BRDA:47,1,0,0
BRDA:47,1,1,0
BRDA:49,2,0,0
BRDA:49,2,1,0
BRDA:55,3,0,0
BRDA:55,3,1,0
BRDA:57,4,0,0
BRDA:57,4,1,0
BRDA:59,5,0,0
BRDA:59,5,1,0
BRDA:59,6,0,0
BRDA:59,6,1,0
BRDA:60,7,0,0
BRDA:60,7,1,0
BRDA:61,8,0,0
BRDA:61,8,1,0
BRDA:63,9,0,0
BRDA:63,9,1,0
BRDA:63,10,0,0
BRDA:63,10,1,0
BRDA:65,11,0,0
BRDA:65,11,1,0
BRDA:65,12,0,0
BRDA:65,12,1,0
BRDA:66,13,0,0
BRDA:66,13,1,0
BRDA:66,14,0,0
BRDA:66,14,1,0
BRDA:67,15,0,0
BRDA:67,15,1,0
BRDA:69,16,0,0
BRDA:69,16,1,0
BRDA:69,17,0,0
BRDA:69,17,1,0
BRDA:69,18,0,0
BRDA:69,18,1,0
BRDA:77,19,0,0
BRDA:77,19,1,0
BRDA:79,20,0,0
BRDA:79,20,1,0
BRDA:87,21,0,0
BRDA:87,21,1,0
BRDA:92,22,0,0
BRDA:92,22,1,0
BRDA:94,23,0,0
BRDA:94,23,1,0
BRDA:94,24,0,0
BRDA:94,24,1,0
BRDA:100,25,0,0
BRDA:100,25,1,0
BRDA:100,26,0,0
BRDA:100,26,1,0
BRDA:108,27,0,0
BRDA:108,27,1,0
BRDA:111,28,0,0
BRDA:111,28,1,0
BRDA:117,29,0,0
BRDA:117,29,1,0
BRDA:128,30,0,0
BRDA:128,30,1,0
BRDA:143,31,0,0
BRDA:143,31,1,0
BRDA:157,32,0,0
BRDA:157,32,1,0
BRDA:158,33,0,0
BRDA:158,33,1,0
BRDA:159,34,0,0
BRDA:159,34,1,0
BRDA:172,35,0,0
BRDA:172,35,1,0
BRDA:178,36,0,0
BRDA:178,36,1,0
BRDA:183,37,0,0
BRDA:183,37,1,0
BRDA:198,38,0,0
BRDA:198,38,1,0
BRDA:206,39,0,0
BRDA:206,39,1,0
BRDA:211,40,0,0
BRDA:211,40,1,0
BRDA:219,41,0,0
BRDA:219,41,1,0
BRDA:240,42,0,0
BRDA:240,42,1,0
BRDA:240,42,2,0
BRDA:241,43,0,0
BRDA:241,43,1,0
BRDA:243,44,0,0
BRDA:243,44,1,0
BRDA:248,45,0,0
BRDA:248,45,1,0
BRF:93
BRH:0
end_of_record
TN:
SF:server\api\admin\fees\record-payment.js
FN:41,(anonymous_0)
FN:43,(anonymous_1)
FN:49,(anonymous_2)
FN:57,(anonymous_3)
FN:82,(anonymous_4)
FN:102,(anonymous_5)
FN:119,(anonymous_6)
FN:139,(anonymous_7)
FN:140,(anonymous_8)
FN:144,(anonymous_9)
FN:145,(anonymous_10)
FN:155,(anonymous_11)
FN:156,(anonymous_12)
FN:157,(anonymous_13)
FN:164,(anonymous_14)
FN:165,(anonymous_15)
FN:171,(anonymous_16)
FN:178,(anonymous_17)
FN:180,(anonymous_18)
FN:183,(anonymous_19)
FN:184,(anonymous_20)
FN:194,(anonymous_21)
FN:199,(anonymous_22)
FN:206,(anonymous_23)
FN:213,(anonymous_24)
FN:217,(anonymous_25)
FN:224,handler
FN:252,(anonymous_27)
FN:264,(anonymous_28)
FN:275,(anonymous_29)
FN:289,(anonymous_30)
FN:292,(anonymous_31)
FN:319,(anonymous_32)
FN:368,(anonymous_33)
FN:370,(anonymous_34)
FN:371,(anonymous_35)
FNF:36
FNH:0
FNDA:0,(anonymous_0)
FNDA:0,(anonymous_1)
FNDA:0,(anonymous_2)
FNDA:0,(anonymous_3)
FNDA:0,(anonymous_4)
FNDA:0,(anonymous_5)
FNDA:0,(anonymous_6)
FNDA:0,(anonymous_7)
FNDA:0,(anonymous_8)
FNDA:0,(anonymous_9)
FNDA:0,(anonymous_10)
FNDA:0,(anonymous_11)
FNDA:0,(anonymous_12)
FNDA:0,(anonymous_13)
FNDA:0,(anonymous_14)
FNDA:0,(anonymous_15)
FNDA:0,(anonymous_16)
FNDA:0,(anonymous_17)
FNDA:0,(anonymous_18)
FNDA:0,(anonymous_19)
FNDA:0,(anonymous_20)
FNDA:0,(anonymous_21)
FNDA:0,(anonymous_22)
FNDA:0,(anonymous_23)
FNDA:0,(anonymous_24)
FNDA:0,(anonymous_25)
FNDA:0,handler
FNDA:0,(anonymous_27)
FNDA:0,(anonymous_28)
FNDA:0,(anonymous_29)
FNDA:0,(anonymous_30)
FNDA:0,(anonymous_31)
FNDA:0,(anonymous_32)
FNDA:0,(anonymous_33)
FNDA:0,(anonymous_34)
FNDA:0,(anonymous_35)
DA:1,0
DA:11,0
DA:12,0
DA:13,0
DA:14,0
DA:16,0
DA:17,0
DA:18,0
DA:20,0
DA:30,0
DA:41,0
DA:43,0
DA:44,0
DA:45,0
DA:46,0
DA:49,0
DA:50,0
DA:51,0
DA:52,0
DA:54,0
DA:57,0
DA:58,0
DA:59,0
DA:60,0
DA:63,0
DA:64,0
DA:65,0
DA:67,0
DA:68,0
DA:71,0
DA:72,0
DA:75,0
DA:76,0
DA:79,0
DA:82,0
DA:83,0
DA:84,0
DA:85,0
DA:87,0
DA:88,0
DA:89,0
DA:90,0
DA:91,0
DA:93,0
DA:94,0
DA:95,0
DA:96,0
DA:97,0
DA:99,0
DA:102,0
DA:103,0
DA:104,0
DA:105,0
DA:106,0
DA:109,0
DA:110,0
DA:111,0
DA:112,0
DA:113,0
DA:116,0
DA:119,0
DA:120,0
DA:121,0
DA:122,0
DA:124,0
DA:125,0
DA:126,0
DA:129,0
DA:132,0
DA:138,0
DA:139,0
DA:140,0
DA:144,0
DA:145,0
DA:147,0
DA:148,0
DA:154,0
DA:155,0
DA:156,0
DA:158,0
DA:159,0
DA:160,0
DA:164,0
DA:165,0
DA:168,0
DA:171,0
DA:172,0
DA:173,0
DA:178,0
DA:180,0
DA:181,0
DA:182,0
DA:183,0
DA:184,0
DA:185,0
DA:186,0
DA:187,0
DA:191,0
DA:194,0
DA:195,0
DA:196,0
DA:198,0
DA:200,0
DA:201,0
DA:202,0
DA:203,0
DA:207,0
DA:208,0
DA:209,0
DA:210,0
DA:214,0
DA:215,0
DA:218,0
DA:219,0
DA:224,0
DA:225,0
DA:226,0
DA:227,0
DA:228,0
DA:229,0
DA:230,0
DA:233,0
DA:234,0
DA:235,0
DA:236,0
DA:237,0
DA:238,0
DA:239,0
DA:240,0
DA:243,0
DA:244,0
DA:245,0
DA:247,0
DA:248,0
DA:249,0
DA:252,0
DA:253,0
DA:254,0
DA:255,0
DA:256,0
DA:257,0
DA:258,0
DA:259,0
DA:260,0
DA:262,0
DA:263,0
DA:264,0
DA:265,0
DA:267,0
DA:268,0
DA:269,0
DA:270,0
DA:273,0
DA:274,0
DA:275,0
DA:276,0
DA:277,0
DA:278,0
DA:279,0
DA:280,0
DA:283,0
DA:285,0
DA:286,0
DA:287,0
DA:288,0
DA:289,0
DA:291,0
DA:292,0
DA:293,0
DA:294,0
DA:295,0
DA:305,0
DA:309,0
DA:319,0
DA:327,0
DA:347,0
DA:355,0
DA:356,0
DA:359,0
DA:361,0
DA:368,0
DA:370,0
DA:371,0
DA:373,0
DA:382,0
LF:185
LH:0
BRDA:41,0,0,0
BRDA:41,0,1,0
BRDA:59,1,0,0
BRDA:59,1,1,0
BRDA:60,2,0,0
BRDA:60,2,1,0
BRDA:64,3,0,0
BRDA:64,3,1,0
BRDA:64,3,2,0
BRDA:67,4,0,0
BRDA:67,4,1,0
BRDA:67,5,0,0
BRDA:67,5,1,0
BRDA:71,6,0,0
BRDA:71,6,1,0
BRDA:71,7,0,0
BRDA:71,7,1,0
BRDA:75,8,0,0
BRDA:75,8,1,0
BRDA:75,9,0,0
BRDA:75,9,1,0
BRDA:75,9,2,0
BRDA:83,10,0,0
BRDA:83,10,1,0
BRDA:85,11,0,0
BRDA:85,11,1,0
BRDA:87,12,0,0
BRDA:87,12,1,0
BRDA:87,13,0,0
BRDA:87,13,1,0
BRDA:88,14,0,0
BRDA:88,14,1,0
BRDA:89,15,0,0
BRDA:89,15,1,0
BRDA:91,16,0,0
BRDA:91,16,1,0
BRDA:91,17,0,0
BRDA:91,17,1,0
BRDA:93,18,0,0
BRDA:93,18,1,0
BRDA:93,19,0,0
BRDA:93,19,1,0
BRDA:94,20,0,0
BRDA:94,20,1,0
BRDA:94,21,0,0
BRDA:94,21,1,0
BRDA:95,22,0,0
BRDA:95,22,1,0
BRDA:97,23,0,0
BRDA:97,23,1,0
BRDA:97,24,0,0
BRDA:97,24,1,0
BRDA:97,25,0,0
BRDA:97,25,1,0
BRDA:103,26,0,0
BRDA:103,26,1,0
BRDA:110,27,0,0
BRDA:110,27,1,0
BRDA:110,28,0,0
BRDA:110,28,1,0
BRDA:120,29,0,0
BRDA:120,29,1,0
BRDA:120,30,0,0
BRDA:120,30,1,0
BRDA:120,30,2,0
BRDA:121,31,0,0
BRDA:121,31,1,0
BRDA:156,32,0,0
BRDA:156,32,1,0
BRDA:156,33,0,0
BRDA:156,33,1,0
BRDA:158,34,0,0
BRDA:158,34,1,0
BRDA:165,35,0,0
BRDA:165,35,1,0
BRDA:165,36,0,0
BRDA:165,36,1,0
BRDA:181,37,0,0
BRDA:181,37,1,0
BRDA:182,38,0,0
BRDA:182,38,1,0
BRDA:185,39,0,0
BRDA:185,39,1,0
BRDA:199,40,0,0
BRDA:200,41,0,0
BRDA:200,41,1,0
BRDA:200,42,0,0
BRDA:200,42,1,0
BRDA:207,43,0,0
BRDA:207,43,1,0
BRDA:227,44,0,0
BRDA:227,44,1,0
BRDA:228,45,0,0
BRDA:228,45,1,0
BRDA:237,46,0,0
BRDA:237,46,1,0
BRDA:248,47,0,0
BRDA:248,47,1,0
BRDA:256,48,0,0
BRDA:256,48,1,0
BRDA:263,49,0,0
BRDA:263,49,1,0
BRDA:264,50,0,0
BRDA:264,50,1,0
BRDA:265,51,0,0
BRDA:265,51,1,0
BRDA:267,52,0,0
BRDA:267,52,1,0
BRDA:268,53,0,0
BRDA:268,53,1,0
BRDA:269,54,0,0
BRDA:269,54,1,0
BRDA:270,55,0,0
BRDA:270,55,1,0
BRDA:276,56,0,0
BRDA:276,56,1,0
BRDA:277,57,0,0
BRDA:277,57,1,0
BRDA:283,58,0,0
BRDA:283,58,1,0
BRDA:287,59,0,0
BRDA:287,59,1,0
BRDA:293,60,0,0
BRDA:293,60,1,0
BRDA:294,61,0,0
BRDA:294,61,1,0
BRDA:300,62,0,0
BRDA:300,62,1,0
BRDA:318,63,0,0
BRDA:318,63,1,0
BRDA:336,64,0,0
BRDA:336,64,1,0
BRDA:355,65,0,0
BRDA:355,65,1,0
BRF:134
BRH:0
end_of_record
TN:
SF:server\api\admin\payroll\run.js
FN:26,(anonymous_0)
FN:27,(anonymous_1)
FN:28,(anonymous_2)
FN:34,(anonymous_3)
FN:36,(anonymous_4)
FN:44,(anonymous_5)
FN:68,(anonymous_6)
FN:69,(anonymous_7)
FN:73,(anonymous_8)
FN:82,handler
FN:114,(anonymous_10)
FN:261,(anonymous_11)
FN:262,(anonymous_12)
FN:263,(anonymous_13)
FNF:14
FNH:0
FNDA:0,(anonymous_0)
FNDA:0,(anonymous_1)
FNDA:0,(anonymous_2)
FNDA:0,(anonymous_3)
FNDA:0,(anonymous_4)
FNDA:0,(anonymous_5)
FNDA:0,(anonymous_6)
FNDA:0,(anonymous_7)
FNDA:0,(anonymous_8)
FNDA:0,handler
FNDA:0,(anonymous_10)
FNDA:0,(anonymous_11)
FNDA:0,(anonymous_12)
FNDA:0,(anonymous_13)
DA:1,0
DA:2,0
DA:12,0
DA:13,0
DA:14,0
DA:15,0
DA:17,0
DA:19,0
DA:26,0
DA:27,0
DA:28,0
DA:34,0
DA:36,0
DA:37,0
DA:38,0
DA:39,0
DA:40,0
DA:41,0
DA:44,0
DA:45,0
DA:46,0
DA:47,0
DA:48,0
DA:49,0
DA:50,0
DA:51,0
DA:52,0
DA:56,0
DA:59,0
DA:62,0
DA:67,0
DA:68,0
DA:69,0
DA:73,0
DA:74,0
DA:79,0
DA:82,0
DA:83,0
DA:84,0
DA:85,0
DA:87,0
DA:88,0
DA:89,0
DA:90,0
DA:93,0
DA:94,0
DA:95,0
DA:96,0
DA:97,0
DA:98,0
DA:99,0
DA:100,0
DA:103,0
DA:104,0
DA:105,0
DA:107,0
DA:108,0
DA:109,0
DA:110,0
DA:111,0
DA:114,0
DA:115,0
DA:116,0
DA:117,0
DA:118,0
DA:121,0
DA:122,0
DA:123,0
DA:124,0
DA:125,0
DA:126,0
DA:128,0
DA:129,0
DA:130,0
DA:131,0
DA:132,0
DA:133,0
DA:134,0
DA:142,0
DA:143,0
DA:155,0
DA:161,0
DA:164,0
DA:165,0
DA:181,0
DA:182,0
DA:199,0
DA:206,0
DA:224,0
DA:226,0
DA:234,0
DA:248,0
DA:257,0
DA:261,0
DA:262,0
DA:263,0
DA:267,0
LF:97
LH:0
BRDA:26,0,0,0
BRDA:26,0,1,0
BRDA:27,1,0,0
BRDA:27,1,1,0
BRDA:27,1,2,0
BRDA:29,2,0,0
BRDA:29,2,1,0
BRDA:29,2,2,0
BRDA:29,2,3,0
BRDA:34,3,0,0
BRDA:34,3,1,0
BRDA:38,4,0,0
BRDA:38,4,1,0
BRDA:39,5,0,0
BRDA:39,5,1,0
BRDA:45,6,0,0
BRDA:45,6,1,0
BRDA:46,7,0,0
BRDA:46,7,1,0
BRDA:50,8,0,0
BRDA:50,8,1,0
BRDA:52,9,0,0
BRDA:52,9,1,0
BRDA:53,10,0,0
BRDA:53,10,1,0
BRDA:85,11,0,0
BRDA:85,11,1,0
BRDA:87,12,0,0
BRDA:87,12,1,0
BRDA:97,13,0,0
BRDA:97,13,1,0
BRDA:108,14,0,0
BRDA:108,14,1,0
BRDA:115,15,0,0
BRDA:115,15,1,0
BRDA:124,16,0,0
BRDA:124,16,1,0
BRDA:142,17,0,0
BRDA:142,17,1,0
BRDA:151,18,0,0
BRDA:151,18,1,0
BRDA:158,19,0,0
BRDA:158,19,1,0
BRDA:194,20,0,0
BRDA:194,20,1,0
BRDA:209,21,0,0
BRDA:209,21,1,0
BRDA:215,22,0,0
BRDA:215,22,1,0
BRDA:230,23,0,0
BRDA:230,23,1,0
BRDA:239,24,0,0
BRDA:239,24,1,0
BRDA:244,25,0,0
BRDA:244,25,1,0
BRDA:251,26,0,0
BRDA:251,26,1,0
BRF:57
BRH:0
end_of_record
TN:
SF:server\api\admin\users\bulk.js
FN:31,(anonymous_0)
FN:32,(anonymous_1)
FN:34,(anonymous_2)
FN:40,(anonymous_3)
FN:48,(anonymous_4)
FN:52,(anonymous_5)
FN:64,(anonymous_6)
FN:112,(anonymous_7)
FN:119,(anonymous_8)
FN:127,(anonymous_9)
FN:130,(anonymous_10)
FN:131,(anonymous_11)
FN:138,(anonymous_12)
FN:141,(anonymous_13)
FN:142,(anonymous_14)
FN:145,(anonymous_15)
FN:146,(anonymous_16)
FN:150,handler
FN:199,(anonymous_18)
FN:212,(anonymous_19)
FN:223,(anonymous_20)
FN:224,(anonymous_21)
FN:226,(anonymous_22)
FN:230,(anonymous_23)
FN:231,(anonymous_24)
FN:243,(anonymous_25)
FN:259,(anonymous_26)
FN:275,(anonymous_27)
FN:315,(anonymous_28)
FN:326,(anonymous_29)
FNF:30
FNH:0
FNDA:0,(anonymous_0)
FNDA:0,(anonymous_1)
FNDA:0,(anonymous_2)
FNDA:0,(anonymous_3)
FNDA:0,(anonymous_4)
FNDA:0,(anonymous_5)
FNDA:0,(anonymous_6)
FNDA:0,(anonymous_7)
FNDA:0,(anonymous_8)
FNDA:0,(anonymous_9)
FNDA:0,(anonymous_10)
FNDA:0,(anonymous_11)
FNDA:0,(anonymous_12)
FNDA:0,(anonymous_13)
FNDA:0,(anonymous_14)
FNDA:0,(anonymous_15)
FNDA:0,(anonymous_16)
FNDA:0,handler
FNDA:0,(anonymous_18)
FNDA:0,(anonymous_19)
FNDA:0,(anonymous_20)
FNDA:0,(anonymous_21)
FNDA:0,(anonymous_22)
FNDA:0,(anonymous_23)
FNDA:0,(anonymous_24)
FNDA:0,(anonymous_25)
FNDA:0,(anonymous_26)
FNDA:0,(anonymous_27)
FNDA:0,(anonymous_28)
FNDA:0,(anonymous_29)
DA:10,0
DA:16,0
DA:19,0
DA:23,0
DA:24,0
DA:25,0
DA:27,0
DA:28,0
DA:29,0
DA:31,0
DA:32,0
DA:34,0
DA:35,0
DA:36,0
DA:37,0
DA:40,0
DA:41,0
DA:42,0
DA:43,0
DA:45,0
DA:48,0
DA:49,0
DA:50,0
DA:52,0
DA:53,0
DA:54,0
DA:55,0
DA:56,0
DA:60,0
DA:61,0
DA:64,0
DA:65,0
DA:66,0
DA:67,0
DA:68,0
DA:69,0
DA:70,0
DA:71,0
DA:72,0
DA:74,0
DA:75,0
DA:78,0
DA:85,0
DA:88,0
DA:89,0
DA:94,0
DA:112,0
DA:113,0
DA:118,0
DA:119,0
DA:120,0
DA:121,0
DA:122,0
DA:124,0
DA:127,0
DA:128,0
DA:129,0
DA:130,0
DA:131,0
DA:132,0
DA:135,0
DA:138,0
DA:139,0
DA:140,0
DA:141,0
DA:142,0
DA:145,0
DA:146,0
DA:150,0
DA:151,0
DA:152,0
DA:153,0
DA:155,0
DA:156,0
DA:157,0
DA:158,0
DA:161,0
DA:163,0
DA:164,0
DA:165,0
DA:166,0
DA:167,0
DA:168,0
DA:169,0
DA:171,0
DA:172,0
DA:173,0
DA:174,0
DA:177,0
DA:178,0
DA:181,0
DA:182,0
DA:185,0
DA:186,0
DA:187,0
DA:188,0
DA:189,0
DA:191,0
DA:193,0
DA:194,0
DA:195,0
DA:196,0
DA:197,0
DA:199,0
DA:200,0
DA:201,0
DA:203,0
DA:211,0
DA:212,0
DA:213,0
DA:214,0
DA:220,0
DA:223,0
DA:224,0
DA:225,0
DA:226,0
DA:230,0
DA:231,0
DA:232,0
DA:233,0
DA:238,0
DA:240,0
DA:243,0
DA:244,0
DA:245,0
DA:246,0
DA:251,0
DA:256,0
DA:258,0
DA:259,0
DA:261,0
DA:268,0
DA:271,0
DA:273,0
DA:274,0
DA:275,0
DA:276,0
DA:298,0
DA:299,0
DA:300,0
DA:301,0
DA:303,0
DA:304,0
DA:305,0
DA:306,0
DA:309,0
DA:312,0
DA:313,0
DA:314,0
DA:315,0
DA:316,0
DA:318,0
DA:321,0
DA:322,0
DA:323,0
DA:326,0
DA:327,0
DA:332,0
DA:341,0
DA:354,0
DA:364,0
DA:365,0
DA:366,0
DA:368,0
LF:164
LH:0
BRDA:31,0,0,0
BRDA:31,0,1,0
BRDA:32,1,0,0
BRDA:32,1,1,0
BRDA:70,2,0,0
BRDA:70,2,1,0
BRDA:71,3,0,0
BRDA:71,3,1,0
BRDA:72,4,0,0
BRDA:72,4,1,0
BRDA:74,5,0,0
BRDA:74,5,1,0
BRDA:78,6,0,0
BRDA:78,6,1,0
BRDA:79,7,0,0
BRDA:79,7,1,0
BRDA:79,7,2,0
BRDA:79,7,3,0
BRDA:79,7,4,0
BRDA:88,8,0,0
BRDA:88,8,1,0
BRDA:88,9,0,0
BRDA:88,9,1,0
BRDA:90,10,0,0
BRDA:90,10,1,0
BRDA:120,11,0,0
BRDA:120,11,1,0
BRDA:121,12,0,0
BRDA:121,12,1,0
BRDA:121,13,0,0
BRDA:121,13,1,0
BRDA:121,14,0,0
BRDA:121,14,1,0
BRDA:121,15,0,0
BRDA:121,15,1,0
BRDA:122,16,0,0
BRDA:122,16,1,0
BRDA:132,17,0,0
BRDA:132,17,1,0
BRDA:153,18,0,0
BRDA:153,18,1,0
BRDA:155,19,0,0
BRDA:155,19,1,0
BRDA:168,20,0,0
BRDA:168,20,1,0
BRDA:169,21,0,0
BRDA:169,21,1,0
BRDA:171,22,0,0
BRDA:171,22,1,0
BRDA:171,23,0,0
BRDA:171,23,1,0
BRDA:177,24,0,0
BRDA:177,24,1,0
BRDA:181,25,0,0
BRDA:181,25,1,0
BRDA:186,26,0,0
BRDA:186,26,1,0
BRDA:193,27,0,0
BRDA:193,27,1,0
BRDA:194,28,0,0
BRDA:194,28,1,0
BRDA:194,28,2,0
BRDA:201,29,0,0
BRDA:201,29,1,0
BRDA:213,30,0,0
BRDA:213,30,1,0
BRDA:232,31,0,0
BRDA:232,31,1,0
BRDA:232,32,0,0
BRDA:232,32,1,0
BRDA:258,33,0,0
BRDA:258,33,1,0
BRDA:264,34,0,0
BRDA:264,34,1,0
BRDA:289,35,0,0
BRDA:289,35,1,0
BRDA:290,36,0,0
BRDA:290,36,1,0
BRDA:298,37,0,0
BRDA:298,37,1,0
BRDA:335,38,0,0
BRDA:335,38,1,0
BRDA:335,39,0,0
BRDA:335,39,1,0
BRDA:343,40,0,0
BRDA:343,40,1,0
BRDA:351,41,0,0
BRDA:351,41,1,0
BRDA:364,42,0,0
BRDA:364,42,1,0
BRF:90
BRH:0
end_of_record
TN:
SF:server\api\admin\users\index.js
FN:27,(anonymous_0)
FN:28,(anonymous_1)
FN:32,(anonymous_2)
FN:36,(anonymous_3)
FN:41,(anonymous_4)
FN:51,(anonymous_5)
FN:51,(anonymous_6)
FN:61,(anonymous_7)
FN:62,(anonymous_8)
FN:63,(anonymous_9)
FN:103,(anonymous_10)
FN:104,(anonymous_11)
FN:113,(anonymous_12)
FN:232,(anonymous_13)
FN:237,(anonymous_14)
FN:314,(anonymous_15)
FN:339,(anonymous_16)
FN:341,(anonymous_17)
FNF:18
FNH:0
FNDA:0,(anonymous_0)
FNDA:0,(anonymous_1)
FNDA:0,(anonymous_2)
FNDA:0,(anonymous_3)
FNDA:0,(anonymous_4)
FNDA:0,(anonymous_5)
FNDA:0,(anonymous_6)
FNDA:0,(anonymous_7)
FNDA:0,(anonymous_8)
FNDA:0,(anonymous_9)
FNDA:0,(anonymous_10)
FNDA:0,(anonymous_11)
FNDA:0,(anonymous_12)
FNDA:0,(anonymous_13)
FNDA:0,(anonymous_14)
FNDA:0,(anonymous_15)
FNDA:0,(anonymous_16)
FNDA:0,(anonymous_17)
DA:11,0
DA:18,0
DA:23,0
DA:24,0
DA:25,0
DA:27,0
DA:28,0
DA:29,0
DA:30,0
DA:32,0
DA:33,0
DA:34,0
DA:35,0
DA:36,0
DA:37,0
DA:41,0
DA:42,0
DA:43,0
DA:44,0
DA:45,0
DA:51,0
DA:52,0
DA:60,0
DA:61,0
DA:62,0
DA:64,0
DA:67,0
DA:69,0
DA:70,0
DA:71,0
DA:72,0
DA:76,0
DA:80,0
DA:81,0
DA:82,0
DA:83,0
DA:84,0
DA:85,0
DA:87,0
DA:88,0
DA:92,0
DA:95,0
DA:99,0
DA:102,0
DA:103,0
DA:105,0
DA:108,0
DA:110,0
DA:113,0
DA:114,0
DA:115,0
DA:116,0
DA:117,0
DA:119,0
DA:120,0
DA:121,0
DA:122,0
DA:125,0
DA:126,0
DA:128,0
DA:129,0
DA:130,0
DA:131,0
DA:132,0
DA:134,0
DA:135,0
DA:136,0
DA:137,0
DA:138,0
DA:139,0
DA:140,0
DA:141,0
DA:143,0
DA:144,0
DA:145,0
DA:148,0
DA:149,0
DA:150,0
DA:153,0
DA:154,0
DA:155,0
DA:157,0
DA:158,0
DA:159,0
DA:161,0
DA:162,0
DA:163,0
DA:166,0
DA:168,0
DA:169,0
DA:170,0
DA:173,0
DA:174,0
DA:175,0
DA:176,0
DA:178,0
DA:180,0
DA:181,0
DA:186,0
DA:187,0
DA:189,0
DA:190,0
DA:203,0
DA:204,0
DA:205,0
DA:208,0
DA:209,0
DA:210,0
DA:211,0
DA:212,0
DA:213,0
DA:214,0
DA:218,0
DA:219,0
DA:224,0
DA:225,0
DA:226,0
DA:230,0
DA:231,0
DA:233,0
DA:234,0
DA:235,0
DA:238,0
DA:239,0
DA:242,0
DA:247,0
DA:253,0
DA:268,0
DA:269,0
DA:270,0
DA:271,0
DA:272,0
DA:273,0
DA:274,0
DA:275,0
DA:276,0
DA:282,0
DA:283,0
DA:284,0
DA:285,0
DA:286,0
DA:287,0
DA:288,0
DA:289,0
DA:290,0
DA:291,0
DA:292,0
DA:293,0
DA:294,0
DA:296,0
DA:297,0
DA:300,0
DA:301,0
DA:302,0
DA:304,0
DA:312,0
DA:315,0
DA:323,0
DA:337,0
DA:338,0
DA:339,0
DA:341,0
DA:344,0
DA:345,0
DA:346,0
DA:349,0
LF:166
LH:0
BRDA:27,0,0,0
BRDA:27,0,1,0
BRDA:28,1,0,0
BRDA:28,1,1,0
BRDA:32,2,0,0
BRDA:33,3,0,0
BRDA:33,3,1,0
BRDA:33,4,0,0
BRDA:33,4,1,0
BRDA:34,5,0,0
BRDA:34,5,1,0
BRDA:34,6,0,0
BRDA:34,6,1,0
BRDA:35,7,0,0
BRDA:35,7,1,0
BRDA:37,8,0,0
BRDA:37,8,1,0
BRDA:64,9,0,0
BRDA:64,9,1,0
BRDA:67,10,0,0
BRDA:67,10,1,0
BRDA:70,11,0,0
BRDA:70,11,1,0
BRDA:72,12,0,0
BRDA:72,12,1,0
BRDA:73,13,0,0
BRDA:73,13,1,0
BRDA:85,14,0,0
BRDA:85,14,1,0
BRDA:88,15,0,0
BRDA:88,15,1,0
BRDA:89,16,0,0
BRDA:89,16,1,0
BRDA:95,17,0,0
BRDA:95,17,1,0
BRDA:105,18,0,0
BRDA:105,18,1,0
BRDA:108,19,0,0
BRDA:108,19,1,0
BRDA:115,20,0,0
BRDA:115,20,1,0
BRDA:119,21,0,0
BRDA:119,21,1,0
BRDA:141,22,0,0
BRDA:141,22,1,0
BRDA:143,23,0,0
BRDA:143,23,1,0
BRDA:148,24,0,0
BRDA:148,24,1,0
BRDA:153,25,0,0
BRDA:153,25,1,0
BRDA:153,26,0,0
BRDA:153,26,1,0
BRDA:153,26,2,0
BRDA:157,27,0,0
BRDA:157,27,1,0
BRDA:157,28,0,0
BRDA:157,28,1,0
BRDA:161,29,0,0
BRDA:161,29,1,0
BRDA:161,30,0,0
BRDA:161,30,1,0
BRDA:168,31,0,0
BRDA:168,31,1,0
BRDA:168,32,0,0
BRDA:168,32,1,0
BRDA:174,33,0,0
BRDA:174,33,1,0
BRDA:180,34,0,0
BRDA:180,34,1,0
BRDA:186,35,0,0
BRDA:186,35,1,0
BRDA:186,35,2,0
BRDA:203,36,0,0
BRDA:203,36,1,0
BRDA:203,37,0,0
BRDA:203,37,1,0
BRDA:209,38,0,0
BRDA:209,38,1,0
BRDA:212,39,0,0
BRDA:212,39,1,0
BRDA:218,40,0,0
BRDA:218,40,1,0
BRDA:224,41,0,0
BRDA:224,41,1,0
BRDA:238,42,0,0
BRDA:238,42,1,0
BRDA:268,43,0,0
BRDA:268,43,1,0
BRDA:277,44,0,0
BRDA:277,44,1,0
BRDA:277,45,0,0
BRDA:277,45,1,0
BRDA:278,46,0,0
BRDA:278,46,1,0
BRDA:278,47,0,0
BRDA:278,47,1,0
BRDA:279,48,0,0
BRDA:279,48,1,0
BRDA:279,49,0,0
BRDA:279,49,1,0
BRDA:280,50,0,0
BRDA:280,50,1,0
BRDA:280,51,0,0
BRDA:280,51,1,0
BRDA:283,52,0,0
BRDA:283,52,1,0
BRDA:285,53,0,0
BRDA:285,53,1,0
BRDA:285,53,2,0
BRDA:286,54,0,0
BRDA:286,54,1,0
BRDA:287,55,0,0
BRDA:287,55,1,0
BRDA:288,56,0,0
BRDA:288,56,1,0
BRDA:290,57,0,0
BRDA:290,57,1,0
BRDA:292,58,0,0
BRDA:292,58,1,0
BRDA:307,59,0,0
BRDA:307,59,1,0
BRDA:337,60,0,0
BRDA:337,60,1,0
BRDA:338,61,0,0
BRDA:338,61,1,0
BRDA:344,62,0,0
BRDA:344,62,1,0
BRF:128
BRH:0
end_of_record
TN:
SF:server\api\ai\csv-map.js
FN:62,(anonymous_0)
FN:70,(anonymous_1)
FN:76,(anonymous_2)
FN:83,(anonymous_3)
FN:84,(anonymous_4)
FN:84,(anonymous_5)
FN:89,(anonymous_6)
FN:102,handler
FN:119,(anonymous_8)
FNF:9
FNH:0
FNDA:0,(anonymous_0)
FNDA:0,(anonymous_1)
FNDA:0,(anonymous_2)
FNDA:0,(anonymous_3)
FNDA:0,(anonymous_4)
FNDA:0,(anonymous_5)
FNDA:0,(anonymous_6)
FNDA:0,handler
FNDA:0,(anonymous_8)
DA:1,0
DA:10,0
DA:11,0
DA:12,0
DA:13,0
DA:14,0
DA:16,0
DA:17,0
DA:18,0
DA:19,0
DA:21,0
DA:25,0
DA:30,0
DA:36,0
DA:62,0
DA:63,0
DA:64,0
DA:65,0
DA:66,0
DA:67,0
DA:70,0
DA:71,0
DA:72,0
DA:73,0
DA:74,0
DA:75,0
DA:76,0
DA:77,0
DA:78,0
DA:80,0
DA:81,0
DA:83,0
DA:84,0
DA:85,0
DA:89,0
DA:90,0
DA:94,0
DA:102,0
DA:103,0
DA:104,0
DA:105,0
DA:106,0
DA:107,0
DA:108,0
DA:111,0
DA:112,0
DA:113,0
DA:114,0
DA:115,0
DA:116,0
DA:118,0
DA:119,0
DA:120,0
DA:121,0
DA:122,0
DA:135,0
DA:136,0
DA:137,0
DA:138,0
DA:139,0
DA:141,0
DA:147,0
DA:154,0
LF:63
LH:0
BRDA:64,0,0,0
BRDA:64,0,1,0
BRDA:65,1,0,0
BRDA:65,1,1,0
BRDA:71,2,0,0
BRDA:71,2,1,0
BRDA:72,3,0,0
BRDA:72,3,1,0
BRDA:77,4,0,0
BRDA:77,4,1,0
BRDA:77,5,0,0
BRDA:77,5,1,0
BRDA:77,5,2,0
BRDA:87,6,0,0
BRDA:87,6,1,0
BRDA:88,7,0,0
BRDA:88,7,1,0
BRDA:90,8,0,0
BRDA:90,8,1,0
BRDA:90,8,2,0
BRDA:105,9,0,0
BRDA:105,9,1,0
BRDA:106,10,0,0
BRDA:106,10,1,0
BRDA:115,11,0,0
BRDA:115,11,1,0
BRDA:120,12,0,0
BRDA:120,12,1,0
BRDA:136,13,0,0
BRDA:136,13,1,0
BRF:30
BRH:0
end_of_record
TN:
SF:server\api\ai\index.js
FN:183,(anonymous_0)
FN:184,(anonymous_1)
FN:185,(anonymous_2)
FN:187,(anonymous_3)
FN:197,(anonymous_4)
FN:215,(anonymous_5)
FN:226,(anonymous_6)
FN:234,(anonymous_7)
FN:237,(anonymous_8)
FN:239,(anonymous_9)
FN:242,(anonymous_10)
FN:254,(anonymous_11)
FN:257,(anonymous_12)
FN:260,(anonymous_13)
FN:262,(anonymous_14)
FN:265,(anonymous_15)
FN:266,(anonymous_16)
FN:267,(anonymous_17)
FN:269,(anonymous_18)
FN:277,(anonymous_19)
FN:280,(anonymous_20)
FN:282,(anonymous_21)
FN:291,(anonymous_22)
FN:310,(anonymous_23)
FN:316,(anonymous_24)
FN:319,(anonymous_25)
FN:320,(anonymous_26)
FN:330,(anonymous_27)
FN:331,(anonymous_28)
FN:337,(anonymous_29)
FN:357,(anonymous_30)
FN:362,(anonymous_31)
FN:367,(anonymous_32)
FN:402,(anonymous_33)
FN:412,(anonymous_34)
FN:416,(anonymous_35)
FN:423,handler
FNF:37
FNH:0
FNDA:0,(anonymous_0)
FNDA:0,(anonymous_1)
FNDA:0,(anonymous_2)
FNDA:0,(anonymous_3)
FNDA:0,(anonymous_4)
FNDA:0,(anonymous_5)
FNDA:0,(anonymous_6)
FNDA:0,(anonymous_7)
FNDA:0,(anonymous_8)
FNDA:0,(anonymous_9)
FNDA:0,(anonymous_10)
FNDA:0,(anonymous_11)
FNDA:0,(anonymous_12)
FNDA:0,(anonymous_13)
FNDA:0,(anonymous_14)
FNDA:0,(anonymous_15)
FNDA:0,(anonymous_16)
FNDA:0,(anonymous_17)
FNDA:0,(anonymous_18)
FNDA:0,(anonymous_19)
FNDA:0,(anonymous_20)
FNDA:0,(anonymous_21)
FNDA:0,(anonymous_22)
FNDA:0,(anonymous_23)
FNDA:0,(anonymous_24)
FNDA:0,(anonymous_25)
FNDA:0,(anonymous_26)
FNDA:0,(anonymous_27)
FNDA:0,(anonymous_28)
FNDA:0,(anonymous_29)
FNDA:0,(anonymous_30)
FNDA:0,(anonymous_31)
FNDA:0,(anonymous_32)
FNDA:0,(anonymous_33)
FNDA:0,(anonymous_34)
FNDA:0,(anonymous_35)
FNDA:0,handler
DA:1,0
DA:10,0
DA:16,0
DA:17,0
DA:18,0
DA:19,0
DA:21,0
DA:22,0
DA:23,0
DA:24,0
DA:25,0
DA:26,0
DA:28,0
DA:33,0
DA:38,0
DA:44,0
DA:50,0
DA:57,0
DA:62,0
DA:71,0
DA:77,0
DA:111,0
DA:112,0
DA:183,0
DA:184,0
DA:185,0
DA:187,0
DA:188,0
DA:189,0
DA:190,0
DA:191,0
DA:192,0
DA:193,0
DA:194,0
DA:197,0
DA:198,0
DA:199,0
DA:200,0
DA:201,0
DA:203,0
DA:204,0
DA:205,0
DA:206,0
DA:208,0
DA:209,0
DA:210,0
DA:211,0
DA:215,0
DA:216,0
DA:217,0
DA:218,0
DA:219,0
DA:220,0
DA:221,0
DA:223,0
DA:226,0
DA:227,0
DA:234,0
DA:237,0
DA:238,0
DA:239,0
DA:242,0
DA:254,0
DA:255,0
DA:256,0
DA:257,0
DA:260,0
DA:261,0
DA:262,0
DA:264,0
DA:265,0
DA:266,0
DA:267,0
DA:269,0
DA:277,0
DA:278,0
DA:279,0
DA:280,0
DA:282,0
DA:291,0
DA:292,0
DA:293,0
DA:294,0
DA:295,0
DA:296,0
DA:297,0
DA:299,0
DA:300,0
DA:301,0
DA:302,0
[...]
FN:54,(anonymous_4)
FN:71,(anonymous_5)
FN:81,(anonymous_6)
FN:98,(anonymous_7)
FN:109,(anonymous_8)
FN:123,(anonymous_9)
FN:145,(anonymous_10)
FN:167,(anonymous_11)
FNF:12
FNH:0
FNDA:0,(anonymous_0)
FNDA:0,(anonymous_1)
FNDA:0,(anonymous_2)
FNDA:0,(anonymous_3)
FNDA:0,(anonymous_4)
FNDA:0,(anonymous_5)
FNDA:0,(anonymous_6)
FNDA:0,(anonymous_7)
FNDA:0,(anonymous_8)
FNDA:0,(anonymous_9)
FNDA:0,(anonymous_10)
FNDA:0,(anonymous_11)
DA:6,0
DA:7,0
DA:8,0
DA:9,0
DA:25,0
DA:26,0
DA:28,0
DA:29,0
DA:30,0
DA:31,0
DA:34,0
DA:35,0
DA:36,0
DA:37,0
DA:40,0
DA:41,0
DA:43,0
DA:44,0
DA:47,0
DA:50,0
DA:51,0
DA:52,0
DA:54,0
DA:55,0
DA:56,0
DA:57,0
DA:63,0
DA:64,0
DA:68,0
DA:71,0
DA:72,0
DA:73,0
DA:76,0
DA:77,0
DA:78,0
DA:81,0
DA:82,0
DA:83,0
DA:84,0
DA:87,0
DA:88,0
DA:89,0
DA:90,0
DA:93,0
DA:98,0
DA:99,0
DA:100,0
DA:101,0
DA:104,0
DA:105,0
DA:106,0
DA:109,0
DA:110,0
DA:111,0
DA:113,0
DA:123,0
DA:124,0
DA:125,0
DA:126,0
DA:128,0
DA:129,0
DA:130,0
DA:131,0
DA:137,0
DA:138,0
DA:140,0
DA:141,0
DA:145,0
DA:148,0
DA:158,0
DA:163,0
DA:164,0
DA:167,0
DA:168,0
DA:169,0
DA:171,0
LF:76
LH:0
BRDA:26,0,0,0
BRDA:26,0,1,0
BRDA:36,1,0,0
BRDA:36,1,1,0
BRDA:41,2,0,0
BRDA:41,2,1,0
BRDA:51,3,0,0
BRDA:51,3,1,0
BRDA:52,4,0,0
BRDA:52,4,1,0
BRDA:72,5,0,0
BRDA:72,5,1,0
BRDA:73,6,0,0
BRDA:73,6,1,0
BRDA:77,7,0,0
BRDA:77,7,1,0
BRDA:77,8,0,0
BRDA:77,8,1,0
BRDA:82,9,0,0
BRDA:82,9,1,0
BRDA:88,10,0,0
BRDA:88,10,1,0
BRDA:99,11,0,0
BRDA:99,11,1,0
BRDA:110,12,0,0
BRDA:110,12,1,0
BRDA:110,13,0,0
BRDA:110,13,1,0
BRDA:110,13,2,0
BRDA:113,14,0,0
BRDA:113,14,1,0
BRDA:113,14,2,0
BRDA:113,14,3,0
BRDA:113,14,4,0
BRDA:113,14,5,0
BRDA:113,14,6,0
BRDA:113,14,7,0
BRDA:113,14,8,0
BRDA:126,15,0,0
BRDA:126,15,1,0
BRDA:129,16,0,0
BRDA:129,16,1,0
BRDA:151,17,0,0
BRDA:151,17,1,0
BRDA:152,18,0,0
BRDA:152,18,1,0
BRF:46
BRH:0
end_of_record
TN:
SF:src\services\studentImportService.ts
FN:72,(anonymous_0)
FN:77,(anonymous_1)
FN:81,(anonymous_2)
FN:105,(anonymous_3)
FN:110,(anonymous_4)
FN:110,(anonymous_5)
FN:114,(anonymous_6)
FN:127,(anonymous_7)
FN:154,(anonymous_8)
FN:171,(anonymous_9)
FN:184,(anonymous_10)
FN:197,(anonymous_11)
FN:199,(anonymous_12)
FN:208,(anonymous_13)
FN:212,(anonymous_14)
FN:215,(anonymous_15)
FN:228,(anonymous_16)
FN:236,(anonymous_17)
FN:249,(anonymous_18)
FN:251,(anonymous_19)
FN:261,(anonymous_20)
FNF:21
FNH:0
FNDA:0,(anonymous_0)
FNDA:0,(anonymous_1)
FNDA:0,(anonymous_2)
FNDA:0,(anonymous_3)
FNDA:0,(anonymous_4)
FNDA:0,(anonymous_5)
FNDA:0,(anonymous_6)
FNDA:0,(anonymous_7)
FNDA:0,(anonymous_8)
FNDA:0,(anonymous_9)
FNDA:0,(anonymous_10)
FNDA:0,(anonymous_11)
FNDA:0,(anonymous_12)
FNDA:0,(anonymous_13)
FNDA:0,(anonymous_14)
FNDA:0,(anonymous_15)
FNDA:0,(anonymous_16)
FNDA:0,(anonymous_17)
FNDA:0,(anonymous_18)
FNDA:0,(anonymous_19)
FNDA:0,(anonymous_20)
DA:65,0
DA:66,0
DA:67,0
DA:68,0
DA:69,0
DA:70,0
DA:72,0
DA:73,0
DA:74,0
DA:77,0
DA:78,0
DA:81,0
DA:82,0
DA:105,0
DA:106,0
DA:107,0
DA:108,0
DA:110,0
DA:114,0
DA:115,0
DA:116,0
DA:117,0
DA:118,0
DA:119,0
DA:120,0
DA:121,0
DA:122,0
DA:123,0
DA:124,0
DA:127,0
DA:130,0
DA:131,0
DA:135,0
DA:136,0
DA:137,0
DA:140,0
DA:141,0
DA:142,0
DA:143,0
DA:144,0
DA:145,0
DA:147,0
DA:154,0
DA:155,0
DA:156,0
DA:157,0
DA:162,0
DA:163,0
DA:166,0
DA:167,0
DA:171,0
DA:172,0
DA:173,0
DA:174,0
DA:177,0
DA:178,0
DA:179,0
DA:181,0
DA:184,0
DA:197,0
DA:199,0
DA:208,0
DA:211,0
DA:212,0
DA:215,0
DA:224,0
DA:225,0
DA:228,0
DA:231,0
DA:232,0
DA:235,0
DA:236,0
DA:237,0
DA:248,0
DA:249,0
DA:251,0
DA:252,0
DA:253,0
DA:255,0
DA:256,0
DA:258,0
DA:261,0
DA:270,0
LF:83
LH:0
BRDA:73,0,0,0
BRDA:73,0,1,0
BRDA:74,1,0,0
BRDA:74,1,1,0
BRDA:78,2,0,0
BRDA:78,2,1,0
BRDA:82,3,0,0
BRDA:82,3,1,0
BRDA:115,4,0,0
BRDA:115,4,1,0
BRDA:115,5,0,0
BRDA:115,5,1,0
BRDA:131,6,0,0
BRDA:131,6,1,0
BRDA:135,7,0,0
BRDA:135,7,1,0
BRDA:144,8,0,0
BRDA:144,8,1,0
BRDA:155,9,0,0
BRDA:155,9,1,0
BRDA:156,10,0,0
BRDA:156,10,1,0
BRDA:157,11,0,0
BRDA:157,11,1,0
BRDA:157,11,2,0
BRDA:157,11,3,0
BRDA:162,12,0,0
BRDA:162,12,1,0
BRDA:166,13,0,0
BRDA:166,13,1,0
BRDA:166,14,0,0
BRDA:166,14,1,0
BRDA:173,15,0,0
BRDA:173,15,1,0
BRDA:173,16,0,0
BRDA:173,16,1,0
BRDA:178,17,0,0
BRDA:178,17,1,0
BRDA:185,18,0,0
BRDA:185,18,1,0
BRDA:186,19,0,0
BRDA:186,19,1,0
BRDA:187,20,0,0
BRDA:187,20,1,0
BRDA:188,21,0,0
BRDA:188,21,1,0
BRDA:189,22,0,0
BRDA:189,22,1,0
BRDA:190,23,0,0
BRDA:190,23,1,0
BRDA:191,24,0,0
BRDA:191,24,1,0
BRDA:192,25,0,0
BRDA:192,25,1,0
BRDA:193,26,0,0
BRDA:193,26,1,0
BRDA:194,27,0,0
BRDA:194,27,1,0
BRDA:231,28,0,0
BRDA:231,28,1,0
BRDA:232,29,0,0
BRDA:232,29,1,0
BRDA:235,30,0,0
BRDA:235,30,1,0
BRDA:237,31,0,0
BRDA:237,31,1,0
BRDA:251,32,0,0
BRDA:251,32,1,0
BRDA:252,33,0,0
BRDA:252,33,1,0
BRDA:252,34,0,0
BRDA:252,34,1,0
BRDA:255,35,0,0
BRDA:255,35,1,0
BRDA:279,36,0,0
BRDA:279,36,1,0
BRDA:280,37,0,0
BRDA:280,37,1,0
BRF:78
BRH:0
end_of_record
TN:
SF:src\services\supabaseClient.ts
FN:34,(anonymous_0)
FN:48,(anonymous_1)
FN:54,(anonymous_2)
FN:66,(anonymous_3)
FNF:4
FNH:0
FNDA:0,(anonymous_0)
FNDA:0,(anonymous_1)
FNDA:0,(anonymous_2)
FNDA:0,(anonymous_3)
DA:7,0
DA:8,0
DA:9,0
DA:11,0
DA:12,0
DA:15,0
DA:33,0
DA:34,0
DA:35,0
DA:36,0
DA:37,0
DA:40,0
DA:48,0
DA:49,0
DA:50,0
DA:54,0
DA:55,0
DA:56,0
DA:58,0
DA:59,0
DA:60,0
DA:63,0
DA:66,0
DA:67,0
DA:68,0
DA:69,0
LF:26
LH:0
BRDA:7,0,0,0
BRDA:7,0,1,0
BRDA:8,1,0,0
BRDA:8,1,1,0
BRDA:11,2,0,0
BRDA:11,2,1,0
BRDA:11,3,0,0
BRDA:11,3,1,0
BRDA:11,3,2,0
BRDA:11,3,3,0
BRDA:16,4,0,0
BRDA:16,4,1,0
BRDA:17,5,0,0
BRDA:17,5,1,0
BRDA:33,6,0,0
BRDA:33,6,1,0
BRDA:35,7,0,0
BRDA:35,7,1,0
BRDA:49,8,0,0
BRDA:49,8,1,0
BRDA:49,9,0,0
BRDA:49,9,1,0
BRDA:58,10,0,0
BRDA:58,10,1,0
BRDA:59,11,0,0
BRDA:59,11,1,0
BRF:26
BRH:0
end_of_record
TN:
SF:src\services\supabaseDriverTrackingService.ts
FN:31,(anonymous_0)
FN:45,(anonymous_1)
FN:49,(anonymous_2)
FN:53,(anonymous_3)
FN:67,(anonymous_4)
FN:79,(anonymous_5)
FN:90,(anonymous_6)
FN:96,(anonymous_7)
FN:138,(anonymous_8)
FN:139,(anonymous_9)
FN:140,(anonymous_10)
FN:159,(anonymous_11)
FN:196,(anonymous_12)
FNF:13
FNH:0
FNDA:0,(anonymous_0)
FNDA:0,(anonymous_1)
FNDA:0,(anonymous_2)
FNDA:0,(anonymous_3)
FNDA:0,(anonymous_4)
FNDA:0,(anonymous_5)
FNDA:0,(anonymous_6)
FNDA:0,(anonymous_7)
FNDA:0,(anonymous_8)
FNDA:0,(anonymous_9)
FNDA:0,(anonymous_10)
FNDA:0,(anonymous_11)
FNDA:0,(anonymous_12)
DA:13,0
DA:29,0
DA:31,0
DA:32,0
DA:33,0
DA:35,0
DA:36,0
DA:37,0
DA:38,0
DA:40,0
DA:41,0
DA:45,0
DA:46,0
DA:49,0
DA:50,0
DA:53,0
DA:56,0
DA:67,0
DA:71,0
DA:78,0
DA:79,0
DA:80,0
DA:81,0
DA:82,0
DA:85,0
DA:86,0
DA:87,0
DA:89,0
DA:90,0
DA:91,0
DA:96,0
DA:107,0
DA:113,0
DA:114,0
DA:115,0
DA:116,0
DA:119,0
DA:120,0
DA:121,0
DA:122,0
DA:126,0
DA:128,0
DA:138,0
DA:139,0
DA:140,0
DA:141,0
DA:142,0
DA:143,0
DA:146,0
DA:147,0
DA:148,0
DA:153,0
DA:160,0
DA:161,0
DA:167,0
DA:168,0
DA:170,0
DA:174,0
DA:175,0
DA:176,0
DA:177,0
DA:195,0
DA:197,0
DA:198,0
DA:199,0
DA:200,0
DA:201,0
DA:204,0
DA:205,0
LF:69
LH:0
BRDA:33,0,0,0
BRDA:33,0,1,0
BRDA:37,1,0,0
BRDA:37,1,1,0
BRDA:37,2,0,0
BRDA:37,2,1,0
BRDA:57,3,0,0
BRDA:57,3,1,0
BRDA:58,4,0,0
BRDA:58,4,1,0
BRDA:62,5,0,0
BRDA:62,5,1,0
BRDA:63,6,0,0
BRDA:63,6,1,0
BRDA:78,7,0,0
BRDA:78,7,1,0
BRDA:80,8,0,0
BRDA:80,8,1,0
BRDA:86,9,0,0
BRDA:86,9,1,0
BRDA:87,10,0,0
BRDA:87,10,1,0
BRDA:87,11,0,0
BRDA:87,11,1,0
BRDA:110,12,0,0
BRDA:110,12,1,0
BRDA:115,13,0,0
BRDA:115,13,1,0
BRDA:119,14,0,0
BRDA:119,14,1,0
BRDA:121,15,0,0
BRDA:121,15,1,0
BRDA:141,16,0,0
BRDA:141,16,1,0
BRDA:146,17,0,0
BRDA:146,17,1,0
BRDA:146,18,0,0
BRDA:146,18,1,0
BRDA:146,18,2,0
BRDA:167,19,0,0
BRDA:167,19,1,0
BRDA:174,20,0,0
BRDA:174,20,1,0
BRDA:176,21,0,0
BRDA:176,21,1,0
BRDA:198,22,0,0
BRDA:198,22,1,0
BRDA:200,23,0,0
BRDA:200,23,1,0
BRF:49
BRH:0
end_of_record
TN:
SF:src\services\supabaseInstituteService.ts
FN:14,(anonymous_0)
FN:29,(anonymous_1)
FN:42,(anonymous_2)
FNF:3
FNH:0
FNDA:0,(anonymous_0)
FNDA:0,(anonymous_1)
FNDA:0,(anonymous_2)
DA:14,0
DA:15,0
DA:16,0
DA:17,0
DA:19,0
DA:25,0
DA:26,0
DA:29,0
DA:32,0
DA:38,0
DA:39,0
DA:42,0
DA:43,0
DA:44,0
DA:45,0
DA:48,0
DA:49,0
LF:17
LH:0
BRDA:16,0,0,0
BRDA:16,0,1,0
BRDA:17,1,0,0
BRDA:17,1,1,0
BRDA:25,2,0,0
BRDA:25,2,1,0
BRDA:38,3,0,0
BRDA:38,3,1,0
BRDA:44,4,0,0
BRDA:44,4,1,0
BRF:10
BRH:0
end_of_record
TN:
SF:src\services\supabaseMediaService.ts
FN:76,(anonymous_0)
FN:84,(anonymous_1)
FN:88,(anonymous_2)
FN:94,(anonymous_3)
FN:100,(anonymous_4)
FN:104,(anonymous_5)
FN:108,(anonymous_6)
FN:116,(anonymous_7)
FN:128,(anonymous_8)
FN:146,(anonymous_9)
FN:162,(anonymous_10)
FN:177,(anonymous_11)
FN:185,(anonymous_12)
FN:186,(anonymous_13)
FN:196,(anonymous_14)
FN:262,(anonymous_15)
FNF:16
FNH:0
FNDA:0,(anonymous_0)
FNDA:0,(anonymous_1)
FNDA:0,(anonymous_2)
FNDA:0,(anonymous_3)
FNDA:0,(anonymous_4)
FNDA:0,(anonymous_5)
FNDA:0,(anonymous_6)
FNDA:0,(anonymous_7)
FNDA:0,(anonymous_8)
FNDA:0,(anonymous_9)
FNDA:0,(anonymous_10)
FNDA:0,(anonymous_11)
FNDA:0,(anonymous_12)
FNDA:0,(anonymous_13)
FNDA:0,(anonymous_14)
FNDA:0,(anonymous_15)
DA:74,0
DA:76,0
DA:77,0
DA:78,0
DA:79,0
DA:81,0
DA:84,0
DA:85,0
DA:88,0
DA:89,0
DA:90,0
DA:91,0
DA:94,0
DA:95,0
DA:96,0
DA:97,0
DA:100,0
DA:101,0
DA:104,0
DA:105,0
DA:108,0
DA:112,0
DA:116,0
DA:121,0
DA:128,0
DA:129,0
DA:130,0
DA:131,0
DA:134,0
DA:135,0
DA:136,0
DA:137,0
DA:139,0
DA:140,0
DA:143,0
DA:146,0
DA:151,0
DA:152,0
DA:154,0
DA:155,0
DA:156,0
DA:159,0
DA:162,0
DA:167,0
DA:168,0
DA:171,0
DA:174,0
DA:177,0
DA:182,0
DA:184,0
DA:185,0
DA:186,0
DA:189,0
DA:190,0
DA:192,0
DA:196,0
DA:215,0
DA:216,0
DA:219,0
DA:228,0
DA:230,0
DA:231,0
DA:239,0
DA:240,0
DA:242,0
DA:243,0
DA:246,0
DA:247,0
DA:250,0
DA:251,0
DA:255,0
DA:262,0
DA:271,0
DA:272,0
DA:273,0
DA:274,0
DA:277,0
DA:278,0
DA:279,0
DA:280,0
DA:282,0
DA:293,0
DA:294,0
DA:297,0
DA:298,0
DA:301,0
DA:302,0
DA:305,0
DA:306,0
DA:313,0
DA:318,0
DA:319,0
DA:322,0
DA:323,0
DA:324,0
DA:327,0
DA:354,0
LF:97
LH:0
BRDA:77,0,0,0
BRDA:77,0,1,0
BRDA:78,1,0,0
BRDA:78,1,1,0
BRDA:85,2,0,0
BRDA:85,2,1,0
BRDA:85,3,0,0
BRDA:85,3,1,0
BRDA:89,4,0,0
BRDA:89,4,1,0
BRDA:90,5,0,0
BRDA:90,5,1,0
BRDA:95,6,0,0
BRDA:95,6,1,0
BRDA:96,7,0,0
BRDA:96,7,1,0
BRDA:101,8,0,0
BRDA:101,8,1,0
BRDA:105,9,0,0
BRDA:105,9,1,0
BRDA:112,10,0,0
BRDA:112,10,1,0
BRDA:121,11,0,0
BRDA:121,11,1,0
BRDA:121,11,2,0
BRDA:121,11,3,0
BRDA:121,11,4,0
BRDA:130,12,0,0
BRDA:130,12,1,0
BRDA:134,13,0,0
BRDA:134,13,1,0
BRDA:135,14,0,0
BRDA:135,14,1,0
BRDA:136,15,0,0
BRDA:136,15,1,0
BRDA:151,16,0,0
BRDA:151,16,1,0
BRDA:152,17,0,0
BRDA:152,17,1,0
BRDA:155,18,0,0
BRDA:155,18,1,0
BRDA:167,19,0,0
BRDA:167,19,1,0
BRDA:180,20,0,0
BRDA:182,21,0,0
BRDA:182,21,1,0
BRDA:192,22,0,0
BRDA:192,22,1,0
BRDA:197,23,0,0
BRDA:215,24,0,0
BRDA:215,24,1,0
BRDA:240,25,0,0
BRDA:240,25,1,0
BRDA:242,26,0,0
BRDA:242,26,1,0
BRDA:246,27,0,0
BRDA:246,27,1,0
BRDA:247,28,0,0
BRDA:247,28,1,0
BRDA:250,29,0,0
BRDA:250,29,1,0
BRDA:250,30,0,0
BRDA:250,30,1,0
BRDA:264,31,0,0
BRDA:266,32,0,0
BRDA:269,33,0,0
BRDA:271,34,0,0
BRDA:271,34,1,0
BRDA:272,35,0,0
BRDA:272,35,1,0
BRDA:273,36,0,0
BRDA:273,36,1,0
BRDA:280,37,0,0
BRDA:280,37,1,0
BRDA:280,37,2,0
BRDA:280,37,3,0
BRDA:293,38,0,0
BRDA:293,38,1,0
BRDA:293,39,0,0
BRDA:293,39,1,0
BRDA:293,39,2,0
BRDA:297,40,0,0
BRDA:297,40,1,0
BRDA:301,41,0,0
BRDA:301,41,1,0
BRDA:301,42,0,0
BRDA:301,42,1,0
BRDA:301,42,2,0
BRDA:318,43,0,0
BRDA:318,43,1,0
BRDA:319,44,0,0
BRDA:319,44,1,0
BRDA:322,45,0,0
BRDA:322,45,1,0
BRDA:323,46,0,0
BRDA:323,46,1,0
BRDA:329,47,0,0
BRDA:329,47,1,0
BRDA:332,48,0,0
BRDA:332,48,1,0
BRDA:333,49,0,0
BRDA:333,49,1,0
BRDA:350,50,0,0
BRDA:350,50,1,0
BRF:104
BRH:0
end_of_record
TN:
SF:src\services\supabaseRealtimeService.ts
FN:20,(anonymous_0)
FN:28,(anonymous_1)
FN:36,(anonymous_2)
FN:40,(anonymous_3)
FN:60,(anonymous_4)
FN:70,(anonymous_5)
FN:71,(anonymous_6)
FN:75,(anonymous_7)
FN:90,(anonymous_8)
FN:96,(anonymous_9)
FNF:10
FNH:0
FNDA:0,(anonymous_0)
FNDA:0,(anonymous_1)
FNDA:0,(anonymous_2)
FNDA:0,(anonymous_3)
FNDA:0,(anonymous_4)
FNDA:0,(anonymous_5)
FNDA:0,(anonymous_6)
FNDA:0,(anonymous_7)
FNDA:0,(anonymous_8)
FNDA:0,(anonymous_9)
DA:20,0
DA:21,0
DA:22,0
DA:23,0
DA:25,0
DA:28,0
DA:29,0
DA:30,0
DA:31,0
DA:33,0
DA:36,0
DA:37,0
DA:40,0
DA:49,0
DA:50,0
DA:60,0
DA:61,0
DA:62,0
DA:66,0
DA:70,0
DA:71,0
DA:72,0
DA:75,0
DA:76,0
DA:77,0
DA:78,0
DA:81,0
DA:82,0
DA:83,0
DA:88,0
DA:91,0
DA:96,0
DA:105,0
DA:106,0
DA:116,0
DA:122,0
DA:123,0
LF:37
LH:0
BRDA:21,0,0,0
BRDA:21,0,1,0
BRDA:22,1,0,0
BRDA:22,1,1,0
BRDA:29,2,0,0
BRDA:29,2,1,0
BRDA:30,3,0,0
BRDA:30,3,1,0
BRDA:62,4,0,0
BRDA:62,4,1,0
BRDA:63,5,0,0
BRDA:63,5,1,0
BRDA:76,6,0,0
BRDA:76,6,1,0
BRDA:81,7,0,0
BRDA:81,7,1,0
BRDA:81,8,0,0
BRDA:81,8,1,0
BRDA:81,8,2,0
BRDA:122,9,0,0
BRDA:122,9,1,0
BRF:21
BRH:0
end_of_record
TN:
SF:src\services\supabaseRoutineBuilderService.ts
FN:27,(anonymous_0)
FNF:1
FNH:0
FNDA:0,(anonymous_0)
DA:27,0
DA:34,0
DA:41,0
DA:42,0
LF:4
LH:0
BRDA:28,0,0,0
BRDA:41,1,0,0
BRDA:41,1,1,0
BRDA:42,2,0,0
BRDA:42,2,1,0
BRF:5
BRH:0
end_of_record
TN:
SF:src\services\supabaseStorageService.ts
FN:44,(anonymous_0)
FN:49,(anonymous_1)
FN:57,(anonymous_2)
FN:65,(anonymous_3)
FN:79,(anonymous_4)
FN:96,(anonymous_5)
FN:137,(anonymous_6)
FNF:7
FNH:0
FNDA:0,(anonymous_0)
FNDA:0,(anonymous_1)
FNDA:0,(anonymous_2)
FNDA:0,(anonymous_3)
FNDA:0,(anonymous_4)
FNDA:0,(anonymous_5)
FNDA:0,(anonymous_6)
DA:36,0
DA:44,0
DA:45,0
DA:49,0
DA:53,0
DA:54,0
DA:57,0
DA:58,0
DA:62,0
DA:65,0
DA:70,0
DA:76,0
DA:79,0
DA:83,0
DA:84,0
DA:85,0
DA:86,0
DA:87,0
DA:90,0
DA:93,0
DA:96,0
DA:104,0
DA:105,0
DA:106,0
DA:107,0
DA:108,0
DA:109,0
DA:110,0
DA:112,0
DA:120,0
DA:122,0
DA:124,0
DA:132,0
DA:133,0
DA:137,0
DA:146,0
DA:150,0
DA:151,0
LF:38
LH:0
BRDA:45,0,0,0
BRDA:45,0,1,0
BRDA:53,1,0,0
BRDA:53,1,1,0
BRDA:58,2,0,0
BRDA:58,2,1,0
BRDA:58,2,2,0
BRDA:58,2,3,0
BRDA:58,3,0,0
BRDA:58,3,1,0
BRDA:59,4,0,0
BRDA:59,4,1,0
BRDA:62,5,0,0
BRDA:62,5,1,0
BRDA:70,6,0,0
BRDA:70,6,1,0
BRDA:70,6,2,0
BRDA:70,6,3,0
BRDA:70,6,4,0
BRDA:71,7,0,0
BRDA:71,7,1,0
BRDA:72,8,0,0
BRDA:72,8,1,0
BRDA:76,9,0,0
BRDA:76,9,1,0
BRDA:83,10,0,0
BRDA:83,10,1,0
BRDA:84,11,0,0
BRDA:84,11,1,0
BRDA:86,12,0,0
BRDA:86,12,1,0
BRDA:102,13,0,0
BRDA:120,14,0,0
BRDA:120,14,1,0
BRDA:122,15,0,0
BRDA:122,15,1,0
BRDA:127,16,0,0
BRDA:127,16,1,0
BRDA:132,17,0,0
BRDA:132,17,1,0
BRDA:140,18,0,0
BRDA:150,19,0,0
BRDA:150,19,1,0
BRF:43
BRH:0
end_of_record
TN:
SF:src\services\supabaseTenantDataService.ts
FN:37,(anonymous_0)
FN:45,(anonymous_1)
FN:62,(anonymous_2)
FN:99,(anonymous_3)
FN:106,(anonymous_4)
FN:113,(anonymous_5)
FN:124,(anonymous_6)
FN:131,(anonymous_7)
FN:143,(anonymous_8)
FN:150,(anonymous_9)
FN:161,(anonymous_10)
FN:168,(anonymous_11)
FN:179,(anonymous_12)
FN:190,(anonymous_13)
FN:201,(anonymous_14)
FN:212,(anonymous_15)
FN:223,(anonymous_16)
FN:234,(anonymous_17)
FN:241,(anonymous_18)
FN:252,(anonymous_19)
FN:263,(anonymous_20)
FN:270,(anonymous_21)
FN:281,(anonymous_22)
FN:292,(anonymous_23)
FN:303,(anonymous_24)
FN:314,(anonymous_25)
FN:323,(anonymous_26)
FN:334,(anonymous_27)
FN:345,(anonymous_28)
FN:354,(anonymous_29)
FN:365,(anonymous_30)
FN:374,(anonymous_31)
FNF:32
FNH:0
FNDA:0,(anonymous_0)
FNDA:0,(anonymous_1)
FNDA:0,(anonymous_2)
FNDA:0,(anonymous_3)
FNDA:0,(anonymous_4)
FNDA:0,(anonymous_5)
FNDA:0,(anonymous_6)
FNDA:0,(anonymous_7)
FNDA:0,(anonymous_8)
FNDA:0,(anonymous_9)
FNDA:0,(anonymous_10)
FNDA:0,(anonymous_11)
FNDA:0,(anonymous_12)
FNDA:0,(anonymous_13)
FNDA:0,(anonymous_14)
FNDA:0,(anonymous_15)
FNDA:0,(anonymous_16)
FNDA:0,(anonymous_17)
FNDA:0,(anonymous_18)
FNDA:0,(anonymous_19)
FNDA:0,(anonymous_20)
FNDA:0,(anonymous_21)
FNDA:0,(anonymous_22)
FNDA:0,(anonymous_23)
FNDA:0,(anonymous_24)
FNDA:0,(anonymous_25)
FNDA:0,(anonymous_26)
FNDA:0,(anonymous_27)
FNDA:0,(anonymous_28)
FNDA:0,(anonymous_29)
FNDA:0,(anonymous_30)
FNDA:0,(anonymous_31)
DA:37,0
DA:38,0
DA:39,0
DA:40,0
DA:42,0
DA:45,0
DA:46,0
DA:48,0
DA:56,0
DA:62,0
DA:71,0
DA:72,0
DA:75,0
DA:76,0
DA:81,0
DA:89,0
DA:90,0
DA:92,0
DA:93,0
DA:96,0
DA:99,0
DA:100,0
DA:106,0
DA:107,0
DA:113,0
DA:117,0
DA:124,0
DA:125,0
DA:131,0
DA:136,0
DA:143,0
DA:144,0
DA:150,0
DA:154,0
DA:161,0
DA:162,0
DA:168,0
DA:172,0
DA:179,0
DA:183,0
DA:190,0
DA:194,0
DA:201,0
DA:205,0
DA:212,0
DA:216,0
DA:223,0
DA:227,0
DA:234,0
DA:235,0
DA:241,0
DA:245,0
DA:252,0
DA:256,0
DA:263,0
DA:264,0
DA:270,0
DA:274,0
DA:281,0
DA:285,0
DA:292,0
DA:296,0
DA:303,0
DA:307,0
DA:314,0
DA:317,0
DA:323,0
DA:327,0
DA:334,0
DA:338,0
DA:345,0
DA:348,0
DA:354,0
DA:358,0
DA:365,0
DA:368,0
DA:374,0
DA:378,0
LF:78
LH:0
BRDA:38,0,0,0
BRDA:38,0,1,0
BRDA:39,1,0,0
BRDA:39,1,1,0
BRDA:65,2,0,0
BRDA:71,3,0,0
BRDA:71,3,1,0
BRDA:76,4,0,0
BRDA:76,4,1,0
BRDA:78,5,0,0
BRDA:78,5,1,0
BRDA:90,6,0,0
BRDA:90,6,1,0
BRDA:92,7,0,0
BRDA:92,7,1,0
BRDA:92,8,0,0
BRDA:92,8,1,0
BRDA:93,9,0,0
BRDA:93,9,1,0
BRDA:134,10,0,0
BRDA:294,11,0,0
BRF:21
BRH:0
end_of_record
TN:
SF:src\types\institutionModels.ts
FNF:0
FNH:0
LF:0
LH:0
BRF:0
BRH:0
end_of_record
TN:
SF:src\types\supabase.ts
FNF:0
FNH:0
LF:0
LH:0
BRF:0
BRH:0
end_of_record
TN:
SF:src\utils\userFeedback.ts
FN:15,(anonymous_0)
FN:20,(anonymous_1)
FN:27,(anonymous_2)
FN:175,(anonymous_3)
FN:214,(anonymous_4)
FN:218,(anonymous_5)
FN:223,(anonymous_6)
FN:268,(anonymous_7)
FN:270,(anonymous_8)
FN:275,(anonymous_9)
FN:286,(anonymous_10)
FN:301,(anonymous_11)
FN:312,(anonymous_12)
FN:315,(anonymous_13)
FN:321,(anonymous_14)
FN:330,(anonymous_15)
FN:350,(anonymous_16)
FNF:17
FNH:0
FNDA:0,(anonymous_0)
FNDA:0,(anonymous_1)
FNDA:0,(anonymous_2)
FNDA:0,(anonymous_3)
FNDA:0,(anonymous_4)
FNDA:0,(anonymous_5)
FNDA:0,(anonymous_6)
FNDA:0,(anonymous_7)
FNDA:0,(anonymous_8)
FNDA:0,(anonymous_9)
FNDA:0,(anonymous_10)
FNDA:0,(anonymous_11)
FNDA:0,(anonymous_12)
FNDA:0,(anonymous_13)
FNDA:0,(anonymous_14)
FNDA:0,(anonymous_15)
FNDA:0,(anonymous_16)
DA:11,0
DA:12,0
DA:13,0
DA:15,0
DA:16,0
DA:17,0
DA:18,0
DA:20,0
DA:21,0
DA:27,0
DA:28,0
DA:30,0
DA:31,0
DA:32,0
DA:172,0
DA:175,0
DA:180,0
DA:182,0
DA:183,0
DA:184,0
DA:185,0
DA:186,0
DA:187,0
DA:189,0
DA:190,0
DA:191,0
DA:197,0
DA:198,0
DA:199,0
DA:201,0
DA:202,0
DA:203,0
DA:204,0
DA:206,0
DA:207,0
DA:208,0
DA:209,0
DA:210,0
DA:213,0
DA:214,0
DA:215,0
DA:216,0
DA:217,0
DA:218,0
DA:220,0
DA:223,0
DA:228,0
DA:230,0
DA:231,0
DA:232,0
DA:234,0
DA:235,0
DA:237,0
DA:238,0
DA:240,0
DA:241,0
DA:242,0
DA:243,0
DA:244,0
DA:245,0
DA:246,0
DA:247,0
DA:249,0
DA:250,0
DA:251,0
DA:252,0
DA:253,0
DA:255,0
DA:256,0
DA:257,0
DA:258,0
DA:259,0
DA:260,0
DA:261,0
DA:264,0
DA:265,0
DA:266,0
DA:268,0
DA:269,0
DA:270,0
DA:271,0
DA:275,0
DA:276,0
DA:277,0
DA:278,0
DA:279,0
DA:280,0
DA:281,0
DA:286,0
DA:287,0
DA:290,0
DA:291,0
DA:292,0
DA:293,0
DA:295,0
DA:296,0
DA:297,0
DA:298,0
DA:301,0
DA:302,0
DA:303,0
DA:309,0
DA:310,0
DA:311,0
DA:312,0
DA:313,0
DA:315,0
DA:316,0
DA:318,0
DA:321,0
DA:325,0
DA:326,0
DA:327,0
DA:330,0
DA:335,0
DA:337,0
DA:338,0
DA:339,0
DA:342,0
DA:343,0
DA:344,0
DA:347,0
DA:350,0
DA:354,0
DA:355,0
DA:356,0
DA:359,0
DA:360,0
DA:361,0
DA:364,0
LF:130
LH:0
BRDA:16,0,0,0
BRDA:16,0,1,0
BRDA:17,1,0,0
BRDA:17,1,1,0
BRDA:18,2,0,0
BRDA:18,2,1,0
BRDA:18,3,0,0
BRDA:18,3,1,0
BRDA:22,4,0,0
BRDA:22,4,1,0
BRDA:23,5,0,0
BRDA:23,5,1,0
BRDA:28,6,0,0
BRDA:28,6,1,0
BRDA:28,7,0,0
BRDA:28,7,1,0
BRDA:177,8,0,0
BRDA:178,9,0,0
BRDA:180,10,0,0
BRDA:180,10,1,0
BRDA:180,11,0,0
BRDA:180,11,1,0
BRDA:183,12,0,0
BRDA:183,12,1,0
BRDA:185,13,0,0
BRDA:185,13,1,0
BRDA:187,14,0,0
BRDA:187,14,1,0
BRDA:198,15,0,0
BRDA:198,15,1,0
BRDA:206,16,0,0
BRDA:206,16,1,0
BRDA:219,17,0,0
BRDA:219,17,1,0
BRDA:225,18,0,0
BRDA:226,19,0,0
BRDA:228,20,0,0
BRDA:228,20,1,0
BRDA:228,21,0,0
BRDA:228,21,1,0
BRDA:255,22,0,0
BRDA:255,22,1,0
BRDA:266,23,0,0
BRDA:266,23,1,0
BRDA:277,24,0,0
BRDA:277,24,1,0
BRDA:279,25,0,0
BRDA:279,25,1,0
BRDA:279,26,0,0
BRDA:279,26,1,0
BRDA:281,27,0,0
BRDA:281,27,1,0
BRDA:283,28,0,0
BRDA:283,28,1,0
BRDA:283,29,0,0
BRDA:283,29,1,0
BRDA:297,30,0,0
BRDA:297,30,1,0
BRDA:302,31,0,0
BRDA:302,31,1,0
BRDA:302,32,0,0
BRDA:302,32,1,0
BRDA:309,33,0,0
BRDA:309,33,1,0
BRDA:313,34,0,0
BRDA:313,34,1,0
BRDA:316,35,0,0
BRDA:316,35,1,0
BRDA:316,36,0,0
BRDA:316,36,1,0
BRDA:325,37,0,0
BRDA:325,37,1,0
BRDA:325,38,0,0
BRDA:325,38,1,0
BRDA:326,39,0,0
BRDA:326,39,1,0
BRDA:326,40,0,0
BRDA:326,40,1,0
BRDA:337,41,0,0
BRDA:337,41,1,0
BRDA:342,42,0,0
BRDA:342,42,1,0
BRDA:342,43,0,0
BRDA:342,43,1,0
BRDA:354,44,0,0
BRDA:354,44,1,0
BRDA:359,45,0,0
BRDA:359,45,1,0
BRDA:359,46,0,0
BRDA:359,46,1,0
BRF:90
BRH:0
end_of_record
